<?xml version="1.0" encoding="UTF-8"?>
<!-- Generated by org.testng.reporters.JUnitXMLReporter -->
<testsuite ignored="0" hostname="MOSTAFA-PC" failures="4" tests="4" name="Bonus Tests" time="69.465" errors="0" timestamp="2026-05-19T14:37:36 EEST">
  <testcase classname="Tests.BonusTests" name="testRegisterWithWeakPassword" time="22.403">
    <failure type="java.lang.AssertionError" message="BUG: No password strength validation! Weak password &amp;apos;123&amp;apos; was accepted. Account was created.">
      <![CDATA[java.lang.AssertionError: BUG: No password strength validation! Weak password '123' was accepted. Account was created.
at Tests.BonusTests.testRegisterWithWeakPassword(BonusTests.java:114)
at java.base/java.util.ArrayList.forEach(ArrayList.java:1604)
... Removed 30 stack frames]]>
    </failure>
  </testcase> <!-- testRegisterWithWeakPassword -->
  <testcase classname="Tests.BonusTests" name="testAddProductWithZeroQuantity" time="8.374">
    <failure type="java.lang.AssertionError" message="BUG: Product added with zero quantity! manual typing bypasses validation.">
      <![CDATA[java.lang.AssertionError: BUG: Product added with zero quantity! manual typing bypasses validation.
at Tests.BonusTests.testAddProductWithZeroQuantity(BonusTests.java:173)
at java.base/java.util.ArrayList.forEach(ArrayList.java:1604)
... Removed 30 stack frames]]>
    </failure>
  </testcase> <!-- testAddProductWithZeroQuantity -->
  <testcase classname="Tests.BonusTests" name="testSearchWithEmptyInput" time="16.316">
    <failure type="java.lang.AssertionError" message="BUG: Empty search returned 34 products! Should have returned 0 results.">
      <![CDATA[java.lang.AssertionError: BUG: Empty search returned 34 products! Should have returned 0 results.
at Tests.BonusTests.testSearchWithEmptyInput(BonusTests.java:221)
at java.base/java.util.ArrayList.forEach(ArrayList.java:1604)
... Removed 30 stack frames]]>
    </failure>
  </testcase> <!-- testSearchWithEmptyInput -->
  <testcase classname="Tests.BonusTests" name="testCheckoutWithZeroQuantity" time="21.244">
    <failure type="java.lang.AssertionError" message="Account not created! expected [true] but found [false]">
      <![CDATA[java.lang.AssertionError: Account not created! expected [true] but found [false]
at Tests.BonusTests.testCheckoutWithZeroQuantity(BonusTests.java:264)
at java.base/java.util.ArrayList.forEach(ArrayList.java:1604)
... Removed 32 stack frames]]>
    </failure>
  </testcase> <!-- testCheckoutWithZeroQuantity -->
</testsuite> <!-- Bonus Tests -->
