<?xml version="1.0" encoding="UTF-8"?>
<!-- Generated by org.testng.reporters.JUnitXMLReporter -->
<testsuite ignored="0" hostname="MOSTAFA-PC" failures="1" tests="5" name="Checkout Tests" time="305.62" errors="0" timestamp="2026-05-19T14:34:28 EEST">
  <testcase classname="Tests.CheckoutTests" name="testPlaceOrderRegisterBeforeCheckout" time="41.743"/>
  <testcase classname="Tests.CheckoutTests" name="testPlaceOrderRegisterWhileCheckout" time="44.745">
    <failure type="org.openqa.selenium.ElementClickInterceptedException" message="element click intercepted: Element &amp;lt;a data-product-id=&amp;quot;3&amp;quot; class=&amp;quot;btn btn-default add-to-cart&amp;quot;&amp;gt;...&amp;lt;/a&amp;gt; is not clickable at point (348, 161). Other element would receive the click: &amp;lt;h4 class=&amp;quot;modal-title w-100&amp;quot;&amp;gt;...&amp;lt;/h4&amp;gt;
  (Session info: chrome=145.0.7632.160)
Build info: version: &amp;apos;4.43.0&amp;apos;, revision: &amp;apos;dd0f534&amp;apos;
System info: os.name: &amp;apos;Windows 11&amp;apos;, os.arch: &amp;apos;amd64&amp;apos;, os.version: &amp;apos;10.0&amp;apos;, java.version: &amp;apos;25.0.2&amp;apos;
Driver info: org.openqa.selenium.chrome.ChromeDriver
Command: [aaca3839202444643547357f5c74f6d6, clickElement {id=f.576E65CEAAB3A8CDE0D7E2D13E5ADC42.d.93AECD03C787B2BA3EBAFAB8425AD3D4.e.492}]
Capabilities {acceptInsecureCerts: false, browserName: chrome, browserVersion: 145.0.7632.160, chrome: {chromedriverVersion: 145.0.7632.117 (de4e5d6e13b..., userDataDir: C:\Users\MOSTAF~1\AppData\L...}, fedcm:accounts: true, goog:chromeOptions: {debuggerAddress: localhost:62898}, goog:processID: 7916, networkConnectionEnabled: false, pageLoadStrategy: normal, platformName: windows, proxy: Proxy(), se:cdp: ws://localhost:62898/devtoo..., se:cdpVersion: 145.0.7632.160, setWindowRect: true, strictFileInteractability: false, timeouts: {implicit: 0, pageLoad: 300000, script: 30000}, unhandledPromptBehavior: dismiss and notify, webauthn:extension:credBlob: true, webauthn:extension:largeBlob: true, webauthn:extension:minPinLength: true, webauthn:extension:prf: true, webauthn:virtualAuthenticators: true}
Element: [[ChromeDriver: chrome on windows (aaca3839202444643547357f5c74f6d6)] -&amp;gt; css selector: div.overlay-content a.btn.add-to-cart]
Session ID: aaca3839202444643547357f5c74f6d6">
      <![CDATA[org.openqa.selenium.ElementClickInterceptedException: element click intercepted: Element <a data-product-id="3" class="btn btn-default add-to-cart">...</a> is not clickable at point (348, 161). Other element would receive the click: <h4 class="modal-title w-100">...</h4>
  (Session info: chrome=145.0.7632.160)
Build info: version: '4.43.0', revision: 'dd0f534'
System info: os.name: 'Windows 11', os.arch: 'amd64', os.version: '10.0', java.version: '25.0.2'
Driver info: org.openqa.selenium.chrome.ChromeDriver
Command: [aaca3839202444643547357f5c74f6d6, clickElement {id=f.576E65CEAAB3A8CDE0D7E2D13E5ADC42.d.93AECD03C787B2BA3EBAFAB8425AD3D4.e.492}]
Capabilities {acceptInsecureCerts: false, browserName: chrome, browserVersion: 145.0.7632.160, chrome: {chromedriverVersion: 145.0.7632.117 (de4e5d6e13b..., userDataDir: C:\Users\MOSTAF~1\AppData\L...}, fedcm:accounts: true, goog:chromeOptions: {debuggerAddress: localhost:62898}, goog:processID: 7916, networkConnectionEnabled: false, pageLoadStrategy: normal, platformName: windows, proxy: Proxy(), se:cdp: ws://localhost:62898/devtoo..., se:cdpVersion: 145.0.7632.160, setWindowRect: true, strictFileInteractability: false, timeouts: {implicit: 0, pageLoad: 300000, script: 30000}, unhandledPromptBehavior: dismiss and notify, webauthn:extension:credBlob: true, webauthn:extension:largeBlob: true, webauthn:extension:minPinLength: true, webauthn:extension:prf: true, webauthn:virtualAuthenticators: true}
Element: [[ChromeDriver: chrome on windows (aaca3839202444643547357f5c74f6d6)] -> css selector: div.overlay-content a.btn.add-to-cart]
Session ID: aaca3839202444643547357f5c74f6d6
at org.openqa.selenium.remote.ErrorCodec.decode(ErrorCodec.java:169)
at org.openqa.selenium.remote.codec.w3c.W3CHttpResponseCodec.decode(W3CHttpResponseCodec.java:142)
at org.openqa.selenium.remote.codec.w3c.W3CHttpResponseCodec.decode(W3CHttpResponseCodec.java:49)
at org.openqa.selenium.remote.HttpCommandExecutor.execute(HttpCommandExecutor.java:223)
at org.openqa.selenium.remote.service.DriverCommandExecutor.invokeExecute(DriverCommandExecutor.java:216)
at org.openqa.selenium.remote.service.DriverCommandExecutor.execute(DriverCommandExecutor.java:174)
at org.openqa.selenium.remote.RemoteWebDriver.execute(RemoteWebDriver.java:606)
at org.openqa.selenium.remote.RemoteWebElement.execute(RemoteWebElement.java:223)
at org.openqa.selenium.remote.RemoteWebElement.click(RemoteWebElement.java:76)
at Pages.ProductPage.addToCartFromOverlayByIndex(ProductPage.java:174)
at Tests.CheckoutTests.testPlaceOrderRegisterWhileCheckout(CheckoutTests.java:331)
at java.base/java.util.ArrayList.forEach(ArrayList.java:1604)
... Removed 29 stack frames]]>
    </failure>
  </testcase> <!-- testPlaceOrderRegisterWhileCheckout -->
  <testcase classname="Tests.CheckoutTests" name="testPlaceOrderLoginBeforeCheckout" time="50.975"/>
  <testcase classname="Tests.CheckoutTests" name="testVerifyAddressDetailsInCheckout" time="17.652"/>
  <testcase classname="Tests.CheckoutTests" name="testDownloadInvoiceAfterPurchaseOrder" time="32.165"/>
</testsuite> <!-- Checkout Tests -->
