<?xml version="1.0" encoding="UTF-8"?>
<!-- Generated by org.testng.reporters.JUnitXMLReporter -->
<testsuite ignored="0" hostname="MOSTAFA-PC" failures="0" tests="5" name="User Authentication Tests" time="244.407" errors="0" timestamp="2026-05-19T14:26:16 EEST">
  <testcase classname="Tests.UserAuthTests" name="testRegisterUser" time="26.084"/>
  <testcase classname="Tests.UserAuthTests" name="testLoginWithCorrectCredentials" time="21.938"/>
  <testcase classname="Tests.UserAuthTests" name="testLoginWithIncorrectCredentials" time="7.241"/>
  <testcase classname="Tests.UserAuthTests" name="testLogout" time="14.501"/>
  <testcase classname="Tests.UserAuthTests" name="testRegisterUserWithExistingEmail" time="9.653"/>
</testsuite> <!-- User Authentication Tests -->
