<?xml version="1.0" encoding="UTF-8"?>
<!-- Generated by org.testng.reporters.JUnitXMLReporter -->
<testsuite ignored="0" hostname="MOSTAFA-PC" failures="0" tests="2" name="Contact Us And Test Cases Tests" time="31.936" errors="0" timestamp="2026-05-19T14:26:48 EEST">
  <testcase classname="Tests.ContactUsAndTestCasesTests" name="testContactUs" time="21.249"/>
  <testcase classname="Tests.ContactUsAndTestCasesTests" name="testTestCasesPage" time="10.027"/>
</testsuite> <!-- Contact Us And Test Cases Tests -->
