<?xml version="1.0" encoding="UTF-8"?>
<!-- Generated by org.testng.reporters.JUnitXMLReporter -->
<testsuite ignored="0" hostname="MOSTAFA-PC" failures="0" tests="8" name="Products And Cart Tests" time="154.967" errors="0" timestamp="2026-05-19T14:29:23 EEST">
  <testcase classname="Tests.ProductsAndCartTests" name="testVerifyAllProductsAndProductDetailPage" time="14.172"/>
  <testcase classname="Tests.ProductsAndCartTests" name="testSearchProduct" time="11.612"/>
  <testcase classname="Tests.ProductsAndCartTests" name="testVerifySubscriptionInHomePage" time="4.93"/>
  <testcase classname="Tests.ProductsAndCartTests" name="testVerifySubscriptionInCartPage" time="5.452"/>
  <testcase classname="Tests.ProductsAndCartTests" name="testAddProductsInCart" time="12.192"/>
  <testcase classname="Tests.ProductsAndCartTests" name="testVerifyProductQuantityInCart" time="29.376"/>
  <testcase classname="Tests.ProductsAndCartTests" name="testRemoveProductsFromCart" time="38.826"/>
  <testcase classname="Tests.ProductsAndCartTests" name="testAddToCartFromRecommendedItems" time="37.768"/>
</testsuite> <!-- Products And Cart Tests -->
