<?xml version="1.0" encoding="UTF-8"?>
<!-- Generated by org.testng.reporters.JUnitXMLReporter -->
<testsuite ignored="0" hostname="MOSTAFA-PC" failures="0" tests="2" name="Search And Review Tests" time="73.328" errors="0" timestamp="2026-05-19T14:36:10 EEST">
  <testcase classname="Tests.SearchAndReviewTests" name="testSearchProductsAndVerifyCartAfterLogin" time="25.841"/>
  <testcase classname="Tests.SearchAndReviewTests" name="testAddReviewOnProduct" time="17.26"/>
</testsuite> <!-- Search And Review Tests -->
