<?xml version="1.0" encoding="UTF-8"?>
<testsuite xmlns:xsi="http://www.w3.org/2001/XMLSchema-instance" xsi:noNamespaceSchemaLocation="https://maven.apache.org/surefire/maven-surefire-plugin/xsd/surefire-test-report.xsd" version="3.0.2" name="TestSuite" time="925.357" tests="30" errors="0" skipped="0" failures="5">
  <properties>
[...]
</properties>
  <testcase name="testRegisterUser" classname="Tests.UserAuthTests" time="26.129">
    <system-out><![CDATA[====================================================================================
🟢 [BASE TEST] Browser started: CHROME | Headless Mode: true | Maximize Mode: true
====================================================================================
[SETUP] User1: existing1@me.com
==============================
Registered: existing1@me.com
==============================
[SETUP] User2: existing2@me.com
==============================
Registered: existing2@me.com
==============================
[SETUP] Both users registered. Ready for tests.
==============================
========== TC1: Register User ==========
STEP 1: Browser launched.
STEP 2: Opening home page...
STEP 3: Verifying home page is visible...
STEP 4: Clicking 'Signup / Login' button...
STEP 5: Verifying 'New User Signup!' is visible...
STEP 6: Entering name and email address...
STEP 7: Clicking Signup button...
STEP 8: Verifying 'ENTER ACCOUNT INFORMATION' is visible...
STEP 9: Filling account details...
STEP 10: Selecting 'Sign up for our newsletter!'...
STEP 11: Selecting 'Receive special offers from our partners!'...
STEP 12: Filling address details...
STEP 13: Clicking Create Account...
STEP 14: Verifying 'Account Created!' is visible...
STEP 15: Clicking Continue...
STEP 16: Verifying 'Logged in as username' is visible...
STEP 17: Clicking 'Delete Account'...
STEP 18: Verifying 'ACCOUNT DELETED!' and clicking Continue...
✅ TC1 PASSED: User Registered Successfully.
============================================

]]></system-out>
    <system-err><![CDATA[SLF4J(W): No SLF4J providers were found.
SLF4J(W): Defaulting to no-operation (NOP) logger implementation
SLF4J(W): See https://www.slf4j.org/codes.html#noProviders for further details.
]]></system-err>
  </testcase>
  <testcase name="testLoginWithCorrectCredentials" classname="Tests.UserAuthTests" time="21.945">
    <system-out><![CDATA[========== TC2: Login with correct credentials ==========
STEP 1: Browser launched.
STEP 2: Opening home page...
STEP 3: Verifying home page is visible...
STEP 4: Clicking 'Signup / Login' button...
STEP 5: Verifying 'Login to your account' is visible...
STEP 6: Entering correct email and password...
STEP 7: Clicking Login button...
STEP 8: Verifying 'Logged in as username' is visible...
STEP 9: Clicking 'Delete Account'...
STEP 10: Verifying 'ACCOUNT DELETED!' and clicking Continue...
✅ TC2 PASSED: Login User with correct email and password Successfully.
=======================================================================

]]></system-out>
  </testcase>
  <testcase name="testLoginWithIncorrectCredentials" classname="Tests.UserAuthTests" time="7.241">
    <system-out><![CDATA[========== TC3: Login with incorrect credentials ==========
STEP 1: Browser launched.
STEP 2: Opening home page...
STEP 3: Verifying home page is visible...
STEP 4: Clicking 'Signup / Login' button...
STEP 5: Verifying 'Login to your account' is visible...
STEP 6: Entering incorrect email and password...
STEP 7: Clicking Login button...
STEP 8: Verifying error message is visible...
✅ TC3 PASSED: Login with incorrect credentials shows error.
============================================================

]]></system-out>
  </testcase>
  <testcase name="testLogout" classname="Tests.UserAuthTests" time="14.503">
    <system-out><![CDATA[========== TC4: Logout User ==========
STEP 1: Browser launched.
STEP 2: Opening home page...
STEP 3: Verifying home page is visible...
STEP 4: Clicking 'Signup / Login' button...
STEP 5: Verifying 'Login to your account' is visible...
STEP 6: Entering correct email and password...
STEP 7: Clicking Login button...
STEP 8: Verifying 'Logged in as username' is visible...
STEP 9: Clicking Logout button...
STEP 10: Verifying user is navigated to home page...
✅ TC4 PASSED: Logout successful.
==================================

]]></system-out>
  </testcase>
  <testcase name="testRegisterUserWithExistingEmail" classname="Tests.UserAuthTests" time="9.656">
    <system-out><![CDATA[========== TC5: Register with existing email ==========
STEP 1: Browser launched.
STEP 2: Opening home page...
STEP 3: Verifying home page is visible...
STEP 4: Clicking 'Signup / Login' button...
STEP 5: Verifying 'New User Signup!' is visible...
STEP 6: Entering name and already registered email...
STEP 7: Clicking Signup button...
STEP 8: Verifying error message is visible...
✅ TC5 PASSED: Register User with existing email shows error.
=============================================================

]]></system-out>
  </testcase>
  <testcase name="testContactUs" classname="Tests.ContactUsAndTestCasesTests" time="21.249">
    <system-out><![CDATA[Account already deleted: existing1@me.com — skipping.
==============================

Could not delete existing2@me.com: Expected condition failed: waiting for presence of element found by By.cssSelector: li > a[href="/login"]
(tried for 10 seconds with 500 milliseconds interval)
Build info: version: '4.43.0', revision: 'dd0f534'
System info: os.name: 'Windows 11', os.arch: 'amd64', os.version: '10.0', java.version: '25.0.2'
Driver info: org.openqa.selenium.chrome.ChromeDriver
Capabilities {acceptInsecureCerts: false, browserName: chrome, browserVersion: 145.0.7632.160, chrome: {chromedriverVersion: 145.0.7632.117 (de4e5d6e13b..., userDataDir: C:\Users\MOSTAF~1\AppData\L...}, fedcm:accounts: true, goog:chromeOptions: {debuggerAddress: localhost:62237}, goog:processID: 6088, networkConnectionEnabled: false, pageLoadStrategy: normal, platformName: windows, proxy: Proxy(), se:cdp: ws://localhost:62237/devtoo..., se:cdpVersion: 145.0.7632.160, setWindowRect: true, strictFileInteractability: false, timeouts: {implicit: 0, pageLoad: 300000, script: 30000}, unhandledPromptBehavior: dismiss and notify, webauthn:extension:credBlob: true, webauthn:extension:largeBlob: true, webauthn:extension:minPinLength: true, webauthn:extension:prf: true, webauthn:virtualAuthenticators: true}
Session ID: fafd8372516015bed82f2065f55f2e2c
==============================

[CLEANUP] Both existing accounts deleted.
==============================
🔴 [BASE TEST] Browser closed.
================================
====================================================================================
🟢 [BASE TEST] Browser started: CHROME | Headless Mode: true | Maximize Mode: true
====================================================================================
========== TC6: Contact Us Form ==========
STEP 1: Browser launched.
STEP 2: Opening home page...
STEP 3: Verifying home page is visible...
STEP 4: Clicking 'Contact us' button...
STEP 5: Verifying 'GET IN TOUCH' is visible...
STEP 6: Filling contact form details...
STEP 7: Uploading attachment...
STEP 8: Clicking Submit button...
STEP 9: Accepting confirmation alert...
STEP 10: Verifying success message is visible...
STEP 11: Clicking Home button and verifying home page...
✅ TC6 PASSED: Contact Us Form submitted successfully.
========================================================

]]></system-out>
  </testcase>
  <testcase name="testTestCasesPage" classname="Tests.ContactUsAndTestCasesTests" time="10.028">
    <system-out><![CDATA[========== TC7: Verify Test Cases Page ==========
STEP 1: Browser launched.
STEP 2: Opening home page...
STEP 3: Verifying home page is visible...
STEP 4: Clicking 'Test Cases' button...
STEP 5: Verifying Test Cases page is displayed...
✅ TC7 PASSED: Test Cases Page open successfully.
========================================================

]]></system-out>
  </testcase>
  <testcase name="testVerifyAllProductsAndProductDetailPage" classname="Tests.ProductsAndCartTests" time="14.173">
    <system-out><![CDATA[🔴 [BASE TEST] Browser closed.
================================
====================================================================================
🟢 [BASE TEST] Browser started: CHROME | Headless Mode: true | Maximize Mode: true
====================================================================================
========== TC8: Verify All Products and product detail page ==========
STEP 1: Browser launched.
STEP 2: Opening home page...
STEP 3: Verifying home page is visible...
STEP 4: Clicking 'Products' button...
STEP 5: Verifying ALL PRODUCTS page is displayed...
STEP 6: Verifying products list is available...
STEP 7: Scrolling to product and clicking 'View Product'...
STEP 8: Verifying product detail page is displayed...
STEP 9: Verifying product details (name, category, price, availability, condition, brand)...
✅ TC8 PASSED: All Products and product detail verified.
======================================================

]]></system-out>
  </testcase>
  <testcase name="testSearchProduct" classname="Tests.ProductsAndCartTests" time="11.613">
    <system-out><![CDATA[========== TC9: Search Product ==========
STEP 1: Browser launched.
STEP 2: Opening home page...
STEP 3: Verifying home page is visible...
STEP 4: Clicking 'Products' button...
STEP 5: Verifying ALL PRODUCTS page is displayed...
STEP 6: Searching for 'T-Shirt'...
STEP 7: Verifying 'SEARCHED PRODUCTS' is visible...
STEP 8: Verifying all results are related to search...
✅ TC9 PASSED: All Products are related to the search text.
======================================================

]]></system-out>
  </testcase>
  <testcase name="testVerifySubscriptionInHomePage" classname="Tests.ProductsAndCartTests" time="4.932">
    <system-out><![CDATA[========== TC10: Verify Subscription in home page ==========
STEP 1: Browser launched.
STEP 2: Opening home page...
STEP 3: Verifying home page is visible...
STEP 4: Scrolling down to footer...
STEP 5: Verifying 'SUBSCRIPTION' text is visible...
STEP 6: Entering email and clicking subscribe...
STEP 7: Verifying subscription success message...
✅ TC10 PASSED: Subscription in home page Verified Successfully.
======================================================

]]></system-out>
  </testcase>
  <testcase name="testVerifySubscriptionInCartPage" classname="Tests.ProductsAndCartTests" time="5.455">
    <system-out><![CDATA[========== TC11: Verify Subscription in Cart page ==========
STEP 1: Browser launched.
STEP 2: Opening home page...
STEP 3: Verifying home page is visible...
STEP 4: Clicking 'Cart' button...
STEP 5: Scrolling down to footer...
STEP 6: Verifying 'SUBSCRIPTION' text is visible...
STEP 7: Entering email and clicking subscribe...
STEP 8: Verifying subscription success message...
✅ TC11 PASSED: Subscription in Cart page Verified Successfully.
======================================================

]]></system-out>
  </testcase>
  <testcase name="testAddProductsInCart" classname="Tests.ProductsAndCartTests" time="12.193">
    <system-out><![CDATA[========== TC12: Add Products in Cart ==========
STEP 1: Browser launched.
STEP 2: Opening home page...
STEP 3: Verifying home page is visible...
STEP 4: Clicking 'Products' button...
STEP 5: Adding first product to cart...
STEP 6: Clicking 'Continue Shopping'...
STEP 7: Adding second product to cart...
STEP 8: Clicking 'View Cart'...
STEP 9: Verifying both products are in cart...
STEP 10: Verifying prices, quantities and total prices...
✅ TC12 PASSED: All products verified in cart.
==============================================

]]></system-out>
  </testcase>
  <testcase name="testVerifyProductQuantityInCart" classname="Tests.ProductsAndCartTests" time="29.377">
    <system-out><![CDATA[========== TC13: Verify Product quantity in Cart ==========
STEP 1: Browser launched.
STEP 2: Opening home page...
STEP 3: Verifying home page is visible...
STEP 4: Clicking 'View Product'...
STEP 5: Verifying product detail page is displayed...
STEP 6: Setting quantity to 4...
STEP 7: Clicking 'Add to cart'...
STEP 8: Clicking 'View Cart'...
STEP 9: Verifying product quantity in cart...
✅ TC13 PASSED: Product quantity verified in cart.
==============================================

]]></system-out>
  </testcase>
  <testcase name="testRemoveProductsFromCart" classname="Tests.ProductsAndCartTests" time="38.827">
    <system-out><![CDATA[========== TC17: Remove Products From Cart ==========
STEP 1: Browser launched.
STEP 2: Opening home page...
STEP 3: Verifying home page is visible...
STEP 4: Adding products to cart...
STEP 5: Clicking 'Cart' button...
STEP 6: Verifying cart page is displayed...
STEP 7: Removing first product from cart...
STEP 8: Verifying product was removed...
✅ TC17 PASSED: Product removed successfully.
=============================================

]]></system-out>
  </testcase>
  <testcase name="testAddToCartFromRecommendedItems" classname="Tests.ProductsAndCartTests" time="37.769">
    <system-out><![CDATA[========== TC22: Add to cart from Recommended items ==========
STEP 1: Browser launched.
STEP 2: Opening home page...
STEP 3: Scrolling to Recommended Items...
STEP 4: Verifying 'RECOMMENDED ITEMS' section...
STEP 5: Adding recommended product to cart...
STEP 6: Clicking 'View Cart'...
STEP 7: Verifying product is in cart...
✅ TC22 PASSED: Recommended product added to cart.
===================================================

]]></system-out>
  </testcase>
  <testcase name="testPlaceOrderRegisterBeforeCheckout" classname="Tests.CheckoutTests" time="41.748">
    <system-out><![CDATA[🔴 [BASE TEST] Browser closed.
================================
====================================================================================
🟢 [BASE TEST] Browser started: CHROME | Headless Mode: true | Maximize Mode: true
====================================================================================
========== TC14: Place Order - Register while Checkout ==========
STEP 1: Browser launched.
STEP 2: Opening home page...
STEP 3: Verifying home page is visible...
STEP 4: Adding products to cart...
STEP 5: Clicking 'Cart' button...
STEP 6: Verifying cart page is displayed...
STEP 7 & 8: Proceeding to checkout and clicking Register/Login...
STEP 9: Filling signup details and creating account...
STEP 10: Verifying 'ACCOUNT CREATED!' and clicking Continue...
STEP 11: Verifying 'Logged in as username'...
STEP 12: Clicking 'Cart' button...
STEP 13: Clicking 'Proceed To Checkout'...
STEP 14: Verifying Address Details and Review Your Order...
STEP 15: Entering description and clicking Place Order...
STEP 16: Entering payment details...
STEP 17: Clicking 'Pay and Confirm Order'...
STEP 18: Verifying order success messages...
STEP 19: Clicking 'Delete Account'...
STEP 20: Verifying 'ACCOUNT DELETED!' and clicking Continue...
✅ TC14 PASSED: Order placed while registering during checkout.
======================================================

]]></system-out>
  </testcase>
  <testcase name="testPlaceOrderRegisterWhileCheckout" classname="Tests.CheckoutTests" time="44.756">
    <failure message="element click intercepted: Element &lt;a data-product-id=&quot;3&quot; class=&quot;btn btn-default add-to-cart&quot;&gt;...&lt;/a&gt; is not clickable at point (348, 161). Other element would receive the click: &lt;h4 class=&quot;modal-title w-100&quot;&gt;...&lt;/h4&gt;&#10;  (Session info: chrome=145.0.7632.160)&#10;Build info: version: &apos;4.43.0&apos;, revision: &apos;dd0f534&apos;&#10;System info: os.name: &apos;Windows 11&apos;, os.arch: &apos;amd64&apos;, os.version: &apos;10.0&apos;, java.version: &apos;25.0.2&apos;&#10;Driver info: org.openqa.selenium.chrome.ChromeDriver&#10;Command: [aaca3839202444643547357f5c74f6d6, clickElement {id=f.576E65CEAAB3A8CDE0D7E2D13E5ADC42.d.93AECD03C787B2BA3EBAFAB8425AD3D4.e.492}]&#10;Capabilities {acceptInsecureCerts: false, browserName: chrome, browserVersion: 145.0.7632.160, chrome: {chromedriverVersion: 145.0.7632.117 (de4e5d6e13b..., userDataDir: C:\Users\MOSTAF~1\AppData\L...}, fedcm:accounts: true, goog:chromeOptions: {debuggerAddress: localhost:62898}, goog:processID: 7916, networkConnectionEnabled: false, pageLoadStrategy: normal, platformName: windows, proxy: Proxy(), se:cdp: ws://localhost:62898/devtoo..., se:cdpVersion: 145.0.7632.160, setWindowRect: true, strictFileInteractability: false, timeouts: {implicit: 0, pageLoad: 300000, script: 30000}, unhandledPromptBehavior: dismiss and notify, webauthn:extension:credBlob: true, webauthn:extension:largeBlob: true, webauthn:extension:minPinLength: true, webauthn:extension:prf: true, webauthn:virtualAuthenticators: true}&#10;Element: [[ChromeDriver: chrome on windows (aaca3839202444643547357f5c74f6d6)] -&gt; css selector: div.overlay-content a.btn.add-to-cart]&#10;Session ID: aaca3839202444643547357f5c74f6d6" type="org.openqa.selenium.ElementClickInterceptedException"><![CDATA[org.openqa.selenium.ElementClickInterceptedException: 
element click intercepted: Element <a data-product-id="3" class="btn btn-default add-to-cart">...</a> is not clickable at point (348, 161). Other element would receive the click: <h4 class="modal-title w-100">...</h4>
  (Session info: chrome=145.0.7632.160)
Build info: version: '4.43.0', revision: 'dd0f534'
System info: os.name: 'Windows 11', os.arch: 'amd64', os.version: '10.0', java.version: '25.0.2'
Driver info: org.openqa.selenium.chrome.ChromeDriver
Command: [aaca3839202444643547357f5c74f6d6, clickElement {id=f.576E65CEAAB3A8CDE0D7E2D13E5ADC42.d.93AECD03C787B2BA3EBAFAB8425AD3D4.e.492}]
Capabilities {acceptInsecureCerts: false, browserName: chrome, browserVersion: 145.0.7632.160, chrome: {chromedriverVersion: 145.0.7632.117 (de4e5d6e13b..., userDataDir: C:\Users\MOSTAF~1\AppData\L...}, fedcm:accounts: true, goog:chromeOptions: {debuggerAddress: localhost:62898}, goog:processID: 7916, networkConnectionEnabled: false, pageLoadStrategy: normal, platformName: windows, proxy: Proxy(), se:cdp: ws://localhost:62898/devtoo..., se:cdpVersion: 145.0.7632.160, setWindowRect: true, strictFileInteractability: false, timeouts: {implicit: 0, pageLoad: 300000, script: 30000}, unhandledPromptBehavior: dismiss and notify, webauthn:extension:credBlob: true, webauthn:extension:largeBlob: true, webauthn:extension:minPinLength: true, webauthn:extension:prf: true, webauthn:virtualAuthenticators: true}
Element: [[ChromeDriver: chrome on windows (aaca3839202444643547357f5c74f6d6)] -> css selector: div.overlay-content a.btn.add-to-cart]
Session ID: aaca3839202444643547357f5c74f6d6
	at org.openqa.selenium.remote.ErrorCodec.decode(ErrorCodec.java:169)
	at org.openqa.selenium.remote.codec.w3c.W3CHttpResponseCodec.decode(W3CHttpResponseCodec.java:142)
	at org.openqa.selenium.remote.codec.w3c.W3CHttpResponseCodec.decode(W3CHttpResponseCodec.java:49)
	at org.openqa.selenium.remote.HttpCommandExecutor.execute(HttpCommandExecutor.java:223)
	at org.openqa.selenium.remote.service.DriverCommandExecutor.invokeExecute(DriverCommandExecutor.java:216)
	at org.openqa.selenium.remote.service.DriverCommandExecutor.execute(DriverCommandExecutor.java:174)
	at org.openqa.selenium.remote.RemoteWebDriver.execute(RemoteWebDriver.java:606)
	at org.openqa.selenium.remote.RemoteWebElement.execute(RemoteWebElement.java:223)
	at org.openqa.selenium.remote.RemoteWebElement.click(RemoteWebElement.java:76)
	at Pages.ProductPage.addToCartFromOverlayByIndex(ProductPage.java:174)
	at Tests.CheckoutTests.testPlaceOrderRegisterWhileCheckout(CheckoutTests.java:331)
	at java.base/jdk.internal.reflect.DirectMethodHandleAccessor.invoke(DirectMethodHandleAccessor.java:104)
	at java.base/java.lang.reflect.Method.invoke(Method.java:565)
	at org.testng.internal.invokers.MethodInvocationHelper.invokeMethod(MethodInvocationHelper.java:141)
	at org.testng.internal.invokers.TestInvoker.invokeMethod(TestInvoker.java:697)
	at org.testng.internal.invokers.TestInvoker.invokeTestMethod(TestInvoker.java:230)
	at org.testng.internal.invokers.MethodRunner.runInSequence(MethodRunner.java:63)
	at org.testng.internal.invokers.TestInvoker$MethodInvocationAgent.invoke(TestInvoker.java:1005)
	at org.testng.internal.invokers.TestInvoker.invokeTestMethods(TestInvoker.java:203)
	at org.testng.internal.invokers.TestMethodWorker.invokeTestMethods(TestMethodWorker.java:154)
	at org.testng.internal.invokers.TestMethodWorker.run(TestMethodWorker.java:134)
	at java.base/java.util.ArrayList.forEach(ArrayList.java:1604)
	at org.testng.TestRunner.privateRun(TestRunner.java:744)
	at org.testng.TestRunner.run(TestRunner.java:616)
	at org.testng.SuiteRunner.runTest(SuiteRunner.java:421)
	at org.testng.SuiteRunner.runSequentially(SuiteRunner.java:413)
	at org.testng.SuiteRunner.privateRun(SuiteRunner.java:373)
	at org.testng.SuiteRunner.run(SuiteRunner.java:312)
	at org.testng.SuiteRunnerWorker.runSuite(SuiteRunnerWorker.java:52)
	at org.testng.SuiteRunnerWorker.run(SuiteRunnerWorker.java:95)
	at org.testng.TestNG.runSuitesSequentially(TestNG.java:1274)
	at org.testng.TestNG.runSuitesLocally(TestNG.java:1208)
	at org.testng.TestNG.runSuites(TestNG.java:1112)
	at org.testng.TestNG.run(TestNG.java:1079)
	at org.apache.maven.surefire.testng.TestNGExecutor.run(TestNGExecutor.java:308)
	at org.apache.maven.surefire.testng.TestNGXmlTestSuite.execute(TestNGXmlTestSuite.java:71)
	at org.apache.maven.surefire.testng.TestNGProvider.invoke(TestNGProvider.java:113)
	at org.apache.maven.surefire.booter.ForkedBooter.runSuitesInProcess(ForkedBooter.java:385)
	at org.apache.maven.surefire.booter.ForkedBooter.execute(ForkedBooter.java:162)
	at org.apache.maven.surefire.booter.ForkedBooter.run(ForkedBooter.java:507)
	at org.apache.maven.surefire.booter.ForkedBooter.main(ForkedBooter.java:495)
]]></failure>
    <system-out><![CDATA[Account already deleted: me@test.com — skipping.
==============================

========== TC15: Place Order - Register before Checkout ==========
STEP 1: Browser launched.
STEP 2: Opening home page...
STEP 3: Verifying home page is visible...
STEP 4: Clicking 'Signup / Login' button...
STEP 5: Filling signup details and creating account...
STEP 6: Verifying 'ACCOUNT CREATED!' and clicking Continue...
STEP 7: Verifying 'Logged in as username'...
STEP 8: Adding products to cart...
]]></system-out>
  </testcase>
  <testcase name="testPlaceOrderLoginBeforeCheckout" classname="Tests.CheckoutTests" time="50.977">
    <system-out><![CDATA[Deleted: me@test.com
==============================

[BASE TEST] Screenshot captured: testPlaceOrderRegisterWhileCheckout
[BASE TEST] Screenshot attached to Allure.
========== TC16: Place Order - Login before Checkout ==========
PRE-STEP: Registering new account for login...
STEP 1: Browser launched.
STEP 2: Opening home page...
STEP 3: Verifying home page is visible...
STEP 4: Clicking 'Signup / Login' button...
STEP 5: Entering login credentials...
STEP 6: Verifying 'Logged in as username'...
STEP 7: Adding products to cart...
STEP 8: Clicking 'Cart' button...
STEP 9: Verifying cart page is displayed...
STEP 10: Clicking 'Proceed To Checkout'...
STEP 11: Verifying Address Details and Review Your Order...
STEP 12: Entering description and clicking Place Order...
STEP 13: Entering payment details...
STEP 14: Clicking 'Pay and Confirm Order'...
STEP 15: Verifying order success message...
STEP 16: Clicking 'Delete Account'...
STEP 17: Verifying 'ACCOUNT DELETED!' and clicking Continue...
✅ TC16 PASSED: Order placed after login before checkout.
======================================================

]]></system-out>
  </testcase>
  <testcase name="testVerifyAddressDetailsInCheckout" classname="Tests.CheckoutTests" time="17.648">
    <system-out><![CDATA[Account already deleted: me@test.com — skipping.
==============================

========== TC23: Verify address details in checkout ==========
STEP 1: Browser launched.
STEP 2: Opening home page...
STEP 3: Verifying home page is visible...
STEP 4: Clicking 'Signup / Login' button...
STEP 5: Filling signup details and creating account...
STEP 6: Verifying 'ACCOUNT CREATED!' and clicking Continue...
STEP 7: Verifying 'Logged in as username'...
STEP 8: Adding products to cart...
STEP 9: Clicking 'Cart' button...
STEP 10: Verifying cart page is displayed...
STEP 11: Clicking 'Proceed To Checkout'...
STEP 12: Verifying delivery address...
STEP 13: Verifying billing address...
✅ TC23 PASSED: Address details verified in checkout.
======================================================

]]></system-out>
  </testcase>
  <testcase name="testDownloadInvoiceAfterPurchaseOrder" classname="Tests.CheckoutTests" time="32.153">
    <system-out><![CDATA[Deleted: me@test.com
==============================

========== TC24: Download Invoice after purchase order ==========
STEP 1: Browser launched.
STEP 2: Opening home page...
STEP 3: Verifying home page is visible...
STEP 4: Adding products to cart...
STEP 5: Clicking 'Cart' button...
STEP 6: Verifying cart page is displayed...
STEP 7 & 8: Proceeding to checkout and clicking Register/Login...
STEP 9: Filling signup details and creating account...
STEP 10: Verifying 'ACCOUNT CREATED!' and clicking Continue...
STEP 11: Verifying 'Logged in as username'...
STEP 12: Clicking 'Cart' button...
STEP 13: Clicking 'Proceed To Checkout'...
STEP 14: Verifying Address Details and Review Your Order...
STEP 15: Entering description and clicking Place Order...
STEP 16: Entering payment details...
STEP 17: Clicking 'Pay and Confirm Order'...
STEP 18: Verifying order success message...
STEP 19: Clicking 'Download Invoice'...
STEP 20: Clicking Continue...
STEP 21: Clicking 'Delete Account'...
STEP 22: Verifying 'ACCOUNT DELETED!' and clicking Continue...
✅ TC24 PASSED: Invoice downloaded and order complete.
=========================================================

]]></system-out>
  </testcase>
  <testcase name="testViewCategoryProducts" classname="Tests.SideBarTests" time="11.288">
    <system-out><![CDATA[Account already deleted: me@test.com — skipping.
==============================

🔴 [BASE TEST] Browser closed.
================================
====================================================================================
🟢 [BASE TEST] Browser started: CHROME | Headless Mode: true | Maximize Mode: true
====================================================================================
========== TC18: View Category Products ==========
STEP 1: Browser launched.
STEP 2: Opening home page...
STEP 3: Verifying categories sidebar is visible...
STEP 4: Clicking 'Women' category...
STEP 5: Clicking 'Dress' subcategory...
STEP 6: Verifying category page title...
STEP 7: Clicking 'Men' → 'Jeans'...
STEP 8: Verifying second category page title...
✅ TC18 PASSED: Categories Verified Successfully.
   WOMEN - DRESS PRODUCTS | MEN - JEANS PRODUCTS
============================================

]]></system-out>
  </testcase>
  <testcase name="testViewCartBrandProducts" classname="Tests.SideBarTests" time="16.69">
    <system-out><![CDATA[========== TC19: View & Cart Brand Products ==========
STEP 1: Browser launched.
STEP 2: Opening home page...
STEP 3: Clicking 'Products' button...
STEP 4: Verifying Brands section is visible...
STEP 5: Clicking 'Polo' brand...
STEP 6: Verifying first brand page title...
STEP 7: Clicking 'Madame' brand...
STEP 8: Verifying second brand page title...
✅ TC19 PASSED: Brands Verified Successfully.
   BRAND - POLO PRODUCTS | BRAND - MADAME PRODUCTS
============================================

]]></system-out>
  </testcase>
  <testcase name="testSearchProductsAndVerifyCartAfterLogin" classname="Tests.SearchAndReviewTests" time="25.841">
    <system-out><![CDATA[🔴 [BASE TEST] Browser closed.
================================
====================================================================================
🟢 [BASE TEST] Browser started: CHROME | Headless Mode: true | Maximize Mode: true
====================================================================================
[SETUP] User registered: me@test.com
============================================
========== TC20: Search Products and Verify Cart After Login ==========
STEP 1: Browser launched.
STEP 2: Opening home page...
STEP 3: Clicking 'Products' button...
STEP 4: Verifying ALL PRODUCTS page...
STEP 5: Searching for 'T-Shirt'...
STEP 6: Verifying 'SEARCHED PRODUCTS' is visible...
STEP 7: Verifying results are related to search...
STEP 8: Adding search results to cart...
STEP 9: Verifying products in cart...
STEP 10: Logging in...
STEP 11: Navigating to Cart after login...
STEP 12: Verifying products persist after login...
✅ TC20 PASSED: 3 products persist after login.
========================================================================

]]></system-out>
  </testcase>
  <testcase name="testAddReviewOnProduct" classname="Tests.SearchAndReviewTests" time="17.262">
    <system-out><![CDATA[========== TC21: Add review on product ==========
STEP 1: Browser launched.
STEP 2: Opening home page...
STEP 3: Clicking 'Products' button...
STEP 4: Verifying ALL PRODUCTS page...
STEP 5: Clicking 'View Product' on product index 0...
STEP 6: Verifying 'Write Your Review' is visible...
STEP 7: Filling review form...
STEP 8: Clicking Submit...
STEP 9: Verifying success message...
✅ TC21 PASSED: Review submitted successfully.
   Product index: 0
   Reviewer: Test User
=========================================================

]]></system-out>
  </testcase>
  <testcase name="testScrollUpUsingArrowButton" classname="Tests.ScrollUITests" time="10.585">
    <system-out><![CDATA[Deleted: me@test.com
==============================

🔴 [BASE TEST] Browser closed.
================================
====================================================================================
🟢 [BASE TEST] Browser started: CHROME | Headless Mode: true | Maximize Mode: true
====================================================================================
========== TC25: Scroll Up using Arrow button ==========
STEP 1: Browser launched.
STEP 2: Opening home page...
STEP 3: Verifying home page is visible...
STEP 4: Scrolling down to footer...
STEP 5: Verifying 'SUBSCRIPTION' is visible...
STEP 6: Clicking scroll-up arrow...
STEP 7: Verifying top text is visible...
✅ TC25 PASSED: Scroll up using arrow button.
==============================================

]]></system-out>
  </testcase>
  <testcase name="testScrollUpWithoutArrowButton" classname="Tests.ScrollUITests" time="5.316">
    <system-out><![CDATA[========== TC26: Scroll Up without Arrow button ==========
STEP 1: Browser launched.
STEP 2: Opening home page...
STEP 3: Verifying home page is visible...
STEP 4: Scrolling down to footer...
STEP 5: Verifying 'SUBSCRIPTION' is visible...
STEP 6: Scrolling up to top...
STEP 7: Verifying top text is visible...
✅ TC26 PASSED: Scroll up without arrow button.
===================================================

]]></system-out>
  </testcase>
  <testcase name="testRegisterWithWeakPassword" classname="Tests.BonusTests" time="22.404">
    <failure message="BUG: No password strength validation! Weak password &apos;123&apos; was accepted. Account was created." type="java.lang.AssertionError"><![CDATA[java.lang.AssertionError: BUG: No password strength validation! Weak password '123' was accepted. Account was created.
	at org.testng.Assert.fail(Assert.java:111)
	at Tests.BonusTests.testRegisterWithWeakPassword(BonusTests.java:114)
	at java.base/jdk.internal.reflect.DirectMethodHandleAccessor.invoke(DirectMethodHandleAccessor.java:104)
	at java.base/java.lang.reflect.Method.invoke(Method.java:565)
	at org.testng.internal.invokers.MethodInvocationHelper.invokeMethod(MethodInvocationHelper.java:141)
	at org.testng.internal.invokers.TestInvoker.invokeMethod(TestInvoker.java:697)
	at org.testng.internal.invokers.TestInvoker.invokeTestMethod(TestInvoker.java:230)
	at org.testng.internal.invokers.MethodRunner.runInSequence(MethodRunner.java:63)
	at org.testng.internal.invokers.TestInvoker$MethodInvocationAgent.invoke(TestInvoker.java:1005)
	at org.testng.internal.invokers.TestInvoker.invokeTestMethods(TestInvoker.java:203)
	at org.testng.internal.invokers.TestMethodWorker.invokeTestMethods(TestMethodWorker.java:154)
	at org.testng.internal.invokers.TestMethodWorker.run(TestMethodWorker.java:134)
	at java.base/java.util.ArrayList.forEach(ArrayList.java:1604)
	at org.testng.TestRunner.privateRun(TestRunner.java:744)
	at org.testng.TestRunner.run(TestRunner.java:616)
	at org.testng.SuiteRunner.runTest(SuiteRunner.java:421)
	at org.testng.SuiteRunner.runSequentially(SuiteRunner.java:413)
	at org.testng.SuiteRunner.privateRun(SuiteRunner.java:373)
	at org.testng.SuiteRunner.run(SuiteRunner.java:312)
	at org.testng.SuiteRunnerWorker.runSuite(SuiteRunnerWorker.java:52)
	at org.testng.SuiteRunnerWorker.run(SuiteRunnerWorker.java:95)
	at org.testng.TestNG.runSuitesSequentially(TestNG.java:1274)
	at org.testng.TestNG.runSuitesLocally(TestNG.java:1208)
	at org.testng.TestNG.runSuites(TestNG.java:1112)
	at org.testng.TestNG.run(TestNG.java:1079)
	at org.apache.maven.surefire.testng.TestNGExecutor.run(TestNGExecutor.java:308)
	at org.apache.maven.surefire.testng.TestNGXmlTestSuite.execute(TestNGXmlTestSuite.java:71)
	at org.apache.maven.surefire.testng.TestNGProvider.invoke(TestNGProvider.java:113)
	at org.apache.maven.surefire.booter.ForkedBooter.runSuitesInProcess(ForkedBooter.java:385)
	at org.apache.maven.surefire.booter.ForkedBooter.execute(ForkedBooter.java:162)
	at org.apache.maven.surefire.booter.ForkedBooter.run(ForkedBooter.java:507)
	at org.apache.maven.surefire.booter.ForkedBooter.main(ForkedBooter.java:495)
]]></failure>
    <system-out><![CDATA[🔴 [BASE TEST] Browser closed.
================================
====================================================================================
🟢 [BASE TEST] Browser started: CHROME | Headless Mode: true | Maximize Mode: true
====================================================================================
========== BONUS TC: Register with Weak Password (BUG) ==========
STEP 1: Browser launched.
STEP 2: Opening home page...
STEP 3: Verifying home page...
STEP 4: Clicking Signup/Login...
STEP 5: Entering name and email...
STEP 6: Clicking Signup...
STEP 7: Filling account details...
STEP 8: Entering weak password: '123'...
STEP 9: Clicking Create Account...
STEP 10: Checking if account was created with weak password...
]]></system-out>
  </testcase>
  <testcase name="testAddProductWithZeroQuantity" classname="Tests.BonusTests" time="8.376">
    <failure message="BUG: Product added with zero quantity! manual typing bypasses validation." type="java.lang.AssertionError"><![CDATA[java.lang.AssertionError: BUG: Product added with zero quantity! manual typing bypasses validation.
	at org.testng.Assert.fail(Assert.java:111)
	at Tests.BonusTests.testAddProductWithZeroQuantity(BonusTests.java:173)
	at java.base/jdk.internal.reflect.DirectMethodHandleAccessor.invoke(DirectMethodHandleAccessor.java:104)
	at java.base/java.lang.reflect.Method.invoke(Method.java:565)
	at org.testng.internal.invokers.MethodInvocationHelper.invokeMethod(MethodInvocationHelper.java:141)
	at org.testng.internal.invokers.TestInvoker.invokeMethod(TestInvoker.java:697)
	at org.testng.internal.invokers.TestInvoker.invokeTestMethod(TestInvoker.java:230)
	at org.testng.internal.invokers.MethodRunner.runInSequence(MethodRunner.java:63)
	at org.testng.internal.invokers.TestInvoker$MethodInvocationAgent.invoke(TestInvoker.java:1005)
	at org.testng.internal.invokers.TestInvoker.invokeTestMethods(TestInvoker.java:203)
	at org.testng.internal.invokers.TestMethodWorker.invokeTestMethods(TestMethodWorker.java:154)
	at org.testng.internal.invokers.TestMethodWorker.run(TestMethodWorker.java:134)
	at java.base/java.util.ArrayList.forEach(ArrayList.java:1604)
	at org.testng.TestRunner.privateRun(TestRunner.java:744)
	at org.testng.TestRunner.run(TestRunner.java:616)
	at org.testng.SuiteRunner.runTest(SuiteRunner.java:421)
	at org.testng.SuiteRunner.runSequentially(SuiteRunner.java:413)
	at org.testng.SuiteRunner.privateRun(SuiteRunner.java:373)
	at org.testng.SuiteRunner.run(SuiteRunner.java:312)
	at org.testng.SuiteRunnerWorker.runSuite(SuiteRunnerWorker.java:52)
	at org.testng.SuiteRunnerWorker.run(SuiteRunnerWorker.java:95)
	at org.testng.TestNG.runSuitesSequentially(TestNG.java:1274)
	at org.testng.TestNG.runSuitesLocally(TestNG.java:1208)
	at org.testng.TestNG.runSuites(TestNG.java:1112)
	at org.testng.TestNG.run(TestNG.java:1079)
	at org.apache.maven.surefire.testng.TestNGExecutor.run(TestNGExecutor.java:308)
	at org.apache.maven.surefire.testng.TestNGXmlTestSuite.execute(TestNGXmlTestSuite.java:71)
	at org.apache.maven.surefire.testng.TestNGProvider.invoke(TestNGProvider.java:113)
	at org.apache.maven.surefire.booter.ForkedBooter.runSuitesInProcess(ForkedBooter.java:385)
	at org.apache.maven.surefire.booter.ForkedBooter.execute(ForkedBooter.java:162)
	at org.apache.maven.surefire.booter.ForkedBooter.run(ForkedBooter.java:507)
	at org.apache.maven.surefire.booter.ForkedBooter.main(ForkedBooter.java:495)
]]></failure>
    <system-out><![CDATA[[BASE TEST] Screenshot captured: testRegisterWithWeakPassword
[BASE TEST] Screenshot attached to Allure.
========== BONUS TC02: Zero Quantity Validation ==========
STEP 1: Browser launched.
STEP 2: Opening home page...
STEP 3: Verifying home page...
STEP 4: Clicking View Product...
STEP 5: Verifying product detail page...
STEP 6: Typing quantity: 0
STEP 7: Clicking Add to Cart...
STEP 8: Viewing cart...
STEP 9: Checking cart quantity...
]]></system-out>
  </testcase>
  <testcase name="testSearchWithEmptyInput" classname="Tests.BonusTests" time="16.316">
    <failure message="BUG: Empty search returned 34 products! Should have returned 0 results." type="java.lang.AssertionError"><![CDATA[java.lang.AssertionError: BUG: Empty search returned 34 products! Should have returned 0 results.
	at org.testng.Assert.fail(Assert.java:111)
	at Tests.BonusTests.testSearchWithEmptyInput(BonusTests.java:221)
	at java.base/jdk.internal.reflect.DirectMethodHandleAccessor.invoke(DirectMethodHandleAccessor.java:104)
	at java.base/java.lang.reflect.Method.invoke(Method.java:565)
	at org.testng.internal.invokers.MethodInvocationHelper.invokeMethod(MethodInvocationHelper.java:141)
	at org.testng.internal.invokers.TestInvoker.invokeMethod(TestInvoker.java:697)
	at org.testng.internal.invokers.TestInvoker.invokeTestMethod(TestInvoker.java:230)
	at org.testng.internal.invokers.MethodRunner.runInSequence(MethodRunner.java:63)
	at org.testng.internal.invokers.TestInvoker$MethodInvocationAgent.invoke(TestInvoker.java:1005)
	at org.testng.internal.invokers.TestInvoker.invokeTestMethods(TestInvoker.java:203)
	at org.testng.internal.invokers.TestMethodWorker.invokeTestMethods(TestMethodWorker.java:154)
	at org.testng.internal.invokers.TestMethodWorker.run(TestMethodWorker.java:134)
	at java.base/java.util.ArrayList.forEach(ArrayList.java:1604)
	at org.testng.TestRunner.privateRun(TestRunner.java:744)
	at org.testng.TestRunner.run(TestRunner.java:616)
	at org.testng.SuiteRunner.runTest(SuiteRunner.java:421)
	at org.testng.SuiteRunner.runSequentially(SuiteRunner.java:413)
	at org.testng.SuiteRunner.privateRun(SuiteRunner.java:373)
	at org.testng.SuiteRunner.run(SuiteRunner.java:312)
	at org.testng.SuiteRunnerWorker.runSuite(SuiteRunnerWorker.java:52)
	at org.testng.SuiteRunnerWorker.run(SuiteRunnerWorker.java:95)
	at org.testng.TestNG.runSuitesSequentially(TestNG.java:1274)
	at org.testng.TestNG.runSuitesLocally(TestNG.java:1208)
	at org.testng.TestNG.runSuites(TestNG.java:1112)
	at org.testng.TestNG.run(TestNG.java:1079)
	at org.apache.maven.surefire.testng.TestNGExecutor.run(TestNGExecutor.java:308)
	at org.apache.maven.surefire.testng.TestNGXmlTestSuite.execute(TestNGXmlTestSuite.java:71)
	at org.apache.maven.surefire.testng.TestNGProvider.invoke(TestNGProvider.java:113)
	at org.apache.maven.surefire.booter.ForkedBooter.runSuitesInProcess(ForkedBooter.java:385)
	at org.apache.maven.surefire.booter.ForkedBooter.execute(ForkedBooter.java:162)
	at org.apache.maven.surefire.booter.ForkedBooter.run(ForkedBooter.java:507)
	at org.apache.maven.surefire.booter.ForkedBooter.main(ForkedBooter.java:495)
]]></failure>
    <system-out><![CDATA[[BASE TEST] Screenshot captured: testAddProductWithZeroQuantity
[BASE TEST] Screenshot attached to Allure.
========== BONUS TC03: Empty Search Validation ==========
STEP 1: Browser launched.
STEP 2: Opening home page...
STEP 3: Verifying home page...
STEP 4: Clicking Products...
STEP 5: Verifying products page...
STEP 6: Clicking search with empty input...
STEP 7: Checking search results...
]]></system-out>
  </testcase>
  <testcase name="testCheckoutWithZeroQuantity" classname="Tests.BonusTests" time="21.246">
    <failure message="Account not created! expected [true] but found [false]" type="java.lang.AssertionError"><![CDATA[java.lang.AssertionError: Account not created! expected [true] but found [false]
	at org.testng.Assert.fail(Assert.java:111)
	at org.testng.Assert.failNotEquals(Assert.java:1590)
	at org.testng.Assert.assertTrue(Assert.java:57)
	at Tests.BonusTests.testCheckoutWithZeroQuantity(BonusTests.java:264)
	at java.base/jdk.internal.reflect.DirectMethodHandleAccessor.invoke(DirectMethodHandleAccessor.java:104)
	at java.base/java.lang.reflect.Method.invoke(Method.java:565)
	at org.testng.internal.invokers.MethodInvocationHelper.invokeMethod(MethodInvocationHelper.java:141)
	at org.testng.internal.invokers.TestInvoker.invokeMethod(TestInvoker.java:697)
	at org.testng.internal.invokers.TestInvoker.invokeTestMethod(TestInvoker.java:230)
	at org.testng.internal.invokers.MethodRunner.runInSequence(MethodRunner.java:63)
	at org.testng.internal.invokers.TestInvoker$MethodInvocationAgent.invoke(TestInvoker.java:1005)
	at org.testng.internal.invokers.TestInvoker.invokeTestMethods(TestInvoker.java:203)
	at org.testng.internal.invokers.TestMethodWorker.invokeTestMethods(TestMethodWorker.java:154)
	at org.testng.internal.invokers.TestMethodWorker.run(TestMethodWorker.java:134)
	at java.base/java.util.ArrayList.forEach(ArrayList.java:1604)
	at org.testng.TestRunner.privateRun(TestRunner.java:744)
	at org.testng.TestRunner.run(TestRunner.java:616)
	at org.testng.SuiteRunner.runTest(SuiteRunner.java:421)
	at org.testng.SuiteRunner.runSequentially(SuiteRunner.java:413)
	at org.testng.SuiteRunner.privateRun(SuiteRunner.java:373)
	at org.testng.SuiteRunner.run(SuiteRunner.java:312)
	at org.testng.SuiteRunnerWorker.runSuite(SuiteRunnerWorker.java:52)
	at org.testng.SuiteRunnerWorker.run(SuiteRunnerWorker.java:95)
	at org.testng.TestNG.runSuitesSequentially(TestNG.java:1274)
	at org.testng.TestNG.runSuitesLocally(TestNG.java:1208)
	at org.testng.TestNG.runSuites(TestNG.java:1112)
	at org.testng.TestNG.run(TestNG.java:1079)
	at org.apache.maven.surefire.testng.TestNGExecutor.run(TestNGExecutor.java:308)
	at org.apache.maven.surefire.testng.TestNGXmlTestSuite.execute(TestNGXmlTestSuite.java:71)
	at org.apache.maven.surefire.testng.TestNGProvider.invoke(TestNGProvider.java:113)
	at org.apache.maven.surefire.booter.ForkedBooter.runSuitesInProcess(ForkedBooter.java:385)
	at org.apache.maven.surefire.booter.ForkedBooter.execute(ForkedBooter.java:162)
	at org.apache.maven.surefire.booter.ForkedBooter.run(ForkedBooter.java:507)
	at org.apache.maven.surefire.booter.ForkedBooter.main(ForkedBooter.java:495)
]]></failure>
    <system-out><![CDATA[[BASE TEST] Screenshot captured: testSearchWithEmptyInput
[BASE TEST] Screenshot attached to Allure.
========== BONUS TC04: Zero Quantity Checkout ==========
STEP 1: Browser launched.
STEP 2: Registering new user...
]]></system-out>
  </testcase>
</testsuite>