<?xml version="1.0" encoding="UTF-8"?>
<testng-results ignored="0" total="30" passed="25" failed="5" skipped="0">
  <reporter-output>
  </reporter-output>
  <suite started-at="2026-05-19T14:22:11 EEST" name="AutomationExercise Test Suite" finished-at="2026-05-19T14:37:36 EEST" duration-ms="924925">
    <groups>
    </groups>
    <test started-at="2026-05-19T14:22:11 EEST" name="User Authentication Tests" finished-at="2026-05-19T14:26:16 EEST" duration-ms="244407">
      <class name="Tests.UserAuthTests">
        <test-method is-config="true" signature="prepareBrowser(java.lang.String,boolean,boolean)[pri:0, instance:Tests.UserAuthTests@6bd61f98]" started-at="2026-05-19T14:22:11 EEST" name="prepareBrowser" finished-at="2026-05-19T14:22:12 EEST" duration-ms="830" status="PASS">
          <params>
            <param index="0">
              <value>
                <![CDATA[chrome]]>
              </value>
            </param>
            <param index="1">
              <value>
                <![CDATA[true]]>
              </value>
            </param>
            <param index="2">
              <value>
                <![CDATA[true]]>
              </value>
            </param>
          </params>
          <reporter-output>
          </reporter-output>
        </test-method> <!-- prepareBrowser -->
        <test-method is-config="true" signature="prepareTest()[pri:0, instance:Tests.UserAuthTests@6bd61f98]" started-at="2026-05-19T14:22:12 EEST" name="prepareTest" finished-at="2026-05-19T14:22:55 EEST" duration-ms="42661" status="PASS">
          <reporter-output>
          </reporter-output>
        </test-method> <!-- prepareTest -->
        <test-method signature="testRegisterUser()[pri:0, instance:Tests.UserAuthTests@6bd61f98]" started-at="2026-05-19T14:22:55 EEST" name="testRegisterUser" finished-at="2026-05-19T14:23:21 EEST" duration-ms="26084" status="PASS">
          <reporter-output>
          </reporter-output>
        </test-method> <!-- testRegisterUser -->
        <test-method is-config="true" signature="captureScreenshotOnFailure(org.testng.ITestResult)[pri:0, instance:Tests.UserAuthTests@6bd61f98]" started-at="2026-05-19T14:23:21 EEST" name="captureScreenshotOnFailure" finished-at="2026-05-19T14:23:21 EEST" duration-ms="2" status="PASS">
          <params>
            <param index="0">
              <value>
                <![CDATA[[TestResult name=testRegisterUser status=SUCCESS method=UserAuthTests.testRegisterUser()[pri:0, instance:Tests.UserAuthTests@6bd61f98] output={null}]]]>
              </value>
            </param>
          </params>
          <reporter-output>
          </reporter-output>
        </test-method> <!-- captureScreenshotOnFailure -->
        <test-method signature="testLoginWithCorrectCredentials()[pri:1, instance:Tests.UserAuthTests@6bd61f98]" started-at="2026-05-19T14:23:21 EEST" name="testLoginWithCorrectCredentials" finished-at="2026-05-19T14:23:43 EEST" duration-ms="21938" status="PASS">
          <reporter-output>
          </reporter-output>
        </test-method> <!-- testLoginWithCorrectCredentials -->
        <test-method is-config="true" signature="captureScreenshotOnFailure(org.testng.ITestResult)[pri:0, instance:Tests.UserAuthTests@6bd61f98]" started-at="2026-05-19T14:23:43 EEST" name="captureScreenshotOnFailure" finished-at="2026-05-19T14:23:43 EEST" duration-ms="3" status="PASS">
          <params>
            <param index="0">
              <value>
                <![CDATA[[TestResult name=testLoginWithCorrectCredentials status=SUCCESS method=UserAuthTests.testLoginWithCorrectCredentials()[pri:1, instance:Tests.UserAuthTests@6bd61f98] output={null}]]]>
              </value>
            </param>
          </params>
          <reporter-output>
          </reporter-output>
        </test-method> <!-- captureScreenshotOnFailure -->
        <test-method signature="testLoginWithIncorrectCredentials()[pri:2, instance:Tests.UserAuthTests@6bd61f98]" started-at="2026-05-19T14:23:43 EEST" name="testLoginWithIncorrectCredentials" finished-at="2026-05-19T14:23:50 EEST" duration-ms="7241" status="PASS">
          <reporter-output>
          </reporter-output>
        </test-method> <!-- testLoginWithIncorrectCredentials -->
        <test-method is-config="true" signature="captureScreenshotOnFailure(org.testng.ITestResult)[pri:0, instance:Tests.UserAuthTests@6bd61f98]" started-at="2026-05-19T14:23:50 EEST" name="captureScreenshotOnFailure" finished-at="2026-05-19T14:23:50 EEST" duration-ms="0" status="PASS">
          <params>
            <param index="0">
              <value>
                <![CDATA[[TestResult name=testLoginWithIncorrectCredentials status=SUCCESS method=UserAuthTests.testLoginWithIncorrectCredentials()[pri:2, instance:Tests.UserAuthTests@6bd61f98] output={null}]]]>
              </value>
            </param>
          </params>
          <reporter-output>
          </reporter-output>
        </test-method> <!-- captureScreenshotOnFailure -->
        <test-method signature="testLogout()[pri:3, instance:Tests.UserAuthTests@6bd61f98]" started-at="2026-05-19T14:23:50 EEST" name="testLogout" finished-at="2026-05-19T14:24:05 EEST" duration-ms="14501" status="PASS">
          <reporter-output>
          </reporter-output>
        </test-method> <!-- testLogout -->
        <test-method is-config="true" signature="captureScreenshotOnFailure(org.testng.ITestResult)[pri:0, instance:Tests.UserAuthTests@6bd61f98]" started-at="2026-05-19T14:24:05 EEST" name="captureScreenshotOnFailure" finished-at="2026-05-19T14:24:05 EEST" duration-ms="0" status="PASS">
          <params>
            <param index="0">
              <value>
                <![CDATA[[TestResult name=testLogout status=SUCCESS method=UserAuthTests.testLogout()[pri:3, instance:Tests.UserAuthTests@6bd61f98] output={null}]]]>
              </value>
            </param>
          </params>
          <reporter-output>
          </reporter-output>
        </test-method> <!-- captureScreenshotOnFailure -->
        <test-method signature="testRegisterUserWithExistingEmail()[pri:4, instance:Tests.UserAuthTests@6bd61f98]" started-at="2026-05-19T14:24:05 EEST" name="testRegisterUserWithExistingEmail" finished-at="2026-05-19T14:24:14 EEST" duration-ms="9653" status="PASS">
          <reporter-output>
          </reporter-output>
        </test-method> <!-- testRegisterUserWithExistingEmail -->
        <test-method is-config="true" signature="captureScreenshotOnFailure(org.testng.ITestResult)[pri:0, instance:Tests.UserAuthTests@6bd61f98]" started-at="2026-05-19T14:24:14 EEST" name="captureScreenshotOnFailure" finished-at="2026-05-19T14:24:14 EEST" duration-ms="1" status="PASS">
          <params>
            <param index="0">
              <value>
                <![CDATA[[TestResult name=testRegisterUserWithExistingEmail status=SUCCESS method=UserAuthTests.testRegisterUserWithExistingEmail()[pri:4, instance:Tests.UserAuthTests@6bd61f98] output={null}]]]>
              </value>
            </param>
          </params>
          <reporter-output>
          </reporter-output>
        </test-method> <!-- captureScreenshotOnFailure -->
        <test-method is-config="true" signature="cleanupExistingAccounts()[pri:0, instance:Tests.UserAuthTests@6bd61f98]" started-at="2026-05-19T14:24:14 EEST" name="cleanupExistingAccounts" finished-at="2026-05-19T14:26:16 EEST" duration-ms="121299" status="PASS">
          <reporter-output>
          </reporter-output>
        </test-method> <!-- cleanupExistingAccounts -->
        <test-method is-config="true" signature="tearDown()[pri:0, instance:Tests.UserAuthTests@6bd61f98]" started-at="2026-05-19T14:26:16 EEST" name="tearDown" finished-at="2026-05-19T14:26:16 EEST" duration-ms="104" status="PASS">
          <reporter-output>
          </reporter-output>
        </test-method> <!-- tearDown -->
      </class> <!-- Tests.UserAuthTests -->
    </test> <!-- User Authentication Tests -->
    <test started-at="2026-05-19T14:26:16 EEST" name="Contact Us And Test Cases Tests" finished-at="2026-05-19T14:26:48 EEST" duration-ms="31936">
      <class name="Tests.ContactUsAndTestCasesTests">
        <test-method is-config="true" signature="prepareBrowser(java.lang.String,boolean,boolean)[pri:0, instance:Tests.ContactUsAndTestCasesTests@60099951]" started-at="2026-05-19T14:26:16 EEST" name="prepareBrowser" finished-at="2026-05-19T14:26:16 EEST" duration-ms="564" status="PASS">
          <params>
            <param index="0">
              <value>
                <![CDATA[chrome]]>
              </value>
            </param>
            <param index="1">
              <value>
                <![CDATA[true]]>
              </value>
            </param>
            <param index="2">
              <value>
                <![CDATA[true]]>
              </value>
            </param>
          </params>
          <reporter-output>
          </reporter-output>
        </test-method> <!-- prepareBrowser -->
        <test-method signature="testContactUs()[pri:0, instance:Tests.ContactUsAndTestCasesTests@60099951]" started-at="2026-05-19T14:26:16 EEST" name="testContactUs" finished-at="2026-05-19T14:26:38 EEST" duration-ms="21249" status="PASS">
          <reporter-output>
          </reporter-output>
        </test-method> <!-- testContactUs -->
        <test-method is-config="true" signature="captureScreenshotOnFailure(org.testng.ITestResult)[pri:0, instance:Tests.ContactUsAndTestCasesTests@60099951]" started-at="2026-05-19T14:26:38 EEST" name="captureScreenshotOnFailure" finished-at="2026-05-19T14:26:38 EEST" duration-ms="1" status="PASS">
          <params>
            <param index="0">
              <value>
                <![CDATA[[TestResult name=testContactUs status=SUCCESS method=ContactUsAndTestCasesTests.testContactUs()[pri:0, instance:Tests.ContactUsAndTestCasesTests@60099951] output={null}]]]>
              </value>
            </param>
          </params>
          <reporter-output>
          </reporter-output>
        </test-method> <!-- captureScreenshotOnFailure -->
        <test-method signature="testTestCasesPage()[pri:1, instance:Tests.ContactUsAndTestCasesTests@60099951]" started-at="2026-05-19T14:26:38 EEST" name="testTestCasesPage" finished-at="2026-05-19T14:26:48 EEST" duration-ms="10027" status="PASS">
          <reporter-output>
          </reporter-output>
        </test-method> <!-- testTestCasesPage -->
        <test-method is-config="true" signature="tearDown()[pri:0, instance:Tests.ContactUsAndTestCasesTests@60099951]" started-at="2026-05-19T14:26:48 EEST" name="tearDown" finished-at="2026-05-19T14:26:48 EEST" duration-ms="89" status="PASS">
          <reporter-output>
          </reporter-output>
        </test-method> <!-- tearDown -->
        <test-method is-config="true" signature="captureScreenshotOnFailure(org.testng.ITestResult)[pri:0, instance:Tests.ContactUsAndTestCasesTests@60099951]" started-at="2026-05-19T14:26:48 EEST" name="captureScreenshotOnFailure" finished-at="2026-05-19T14:26:48 EEST" duration-ms="0" status="PASS">
          <params>
            <param index="0">
              <value>
                <![CDATA[[TestResult name=testTestCasesPage status=SUCCESS method=ContactUsAndTestCasesTests.testTestCasesPage()[pri:1, instance:Tests.ContactUsAndTestCasesTests@60099951] output={null}]]]>
              </value>
            </param>
          </params>
          <reporter-output>
          </reporter-output>
        </test-method> <!-- captureScreenshotOnFailure -->
      </class> <!-- Tests.ContactUsAndTestCasesTests -->
    </test> <!-- Contact Us And Test Cases Tests -->
    <test started-at="2026-05-19T14:26:48 EEST" name="Products And Cart Tests" finished-at="2026-05-19T14:29:23 EEST" duration-ms="154967">
      <class name="Tests.ProductsAndCartTests">
        <test-method is-config="true" signature="prepareBrowser(java.lang.String,boolean,boolean)[pri:0, instance:Tests.ProductsAndCartTests@4145bad8]" started-at="2026-05-19T14:26:48 EEST" name="prepareBrowser" finished-at="2026-05-19T14:26:48 EEST" duration-ms="502" status="PASS">
          <params>
            <param index="0">
              <value>
                <![CDATA[chrome]]>
              </value>
            </param>
            <param index="1">
              <value>
                <![CDATA[true]]>
              </value>
            </param>
            <param index="2">
              <value>
                <![CDATA[true]]>
              </value>
            </param>
          </params>
          <reporter-output>
          </reporter-output>
        </test-method> <!-- prepareBrowser -->
        <test-method is-config="true" signature="prepareTest()[pri:0, instance:Tests.ProductsAndCartTests@4145bad8]" started-at="2026-05-19T14:26:48 EEST" name="prepareTest" finished-at="2026-05-19T14:26:48 EEST" duration-ms="3" status="PASS">
          <reporter-output>
          </reporter-output>
        </test-method> <!-- prepareTest -->
        <test-method signature="testVerifyAllProductsAndProductDetailPage()[pri:0, instance:Tests.ProductsAndCartTests@4145bad8]" started-at="2026-05-19T14:26:48 EEST" name="testVerifyAllProductsAndProductDetailPage" finished-at="2026-05-19T14:27:03 EEST" duration-ms="14172" status="PASS">
          <reporter-output>
          </reporter-output>
        </test-method> <!-- testVerifyAllProductsAndProductDetailPage -->
        <test-method is-config="true" signature="captureScreenshotOnFailure(org.testng.ITestResult)[pri:0, instance:Tests.ProductsAndCartTests@4145bad8]" started-at="2026-05-19T14:27:03 EEST" name="captureScreenshotOnFailure" finished-at="2026-05-19T14:27:03 EEST" duration-ms="1" status="PASS">
          <params>
            <param index="0">
              <value>
                <![CDATA[[TestResult name=testVerifyAllProductsAndProductDetailPage status=SUCCESS method=ProductsAndCartTests.testVerifyAllProductsAndProductDetailPage()[pri:0, instance:Tests.ProductsAndCartTests@4145bad8] output={null}]]]>
              </value>
            </param>
          </params>
          <reporter-output>
          </reporter-output>
        </test-method> <!-- captureScreenshotOnFailure -->
        <test-method signature="testSearchProduct()[pri:1, instance:Tests.ProductsAndCartTests@4145bad8]" started-at="2026-05-19T14:27:03 EEST" name="testSearchProduct" finished-at="2026-05-19T14:27:14 EEST" duration-ms="11612" status="PASS">
          <reporter-output>
          </reporter-output>
        </test-method> <!-- testSearchProduct -->
        <test-method is-config="true" signature="captureScreenshotOnFailure(org.testng.ITestResult)[pri:0, instance:Tests.ProductsAndCartTests@4145bad8]" started-at="2026-05-19T14:27:14 EEST" name="captureScreenshotOnFailure" finished-at="2026-05-19T14:27:14 EEST" duration-ms="1" status="PASS">
          <params>
            <param index="0">
              <value>
                <![CDATA[[TestResult name=testSearchProduct status=SUCCESS method=ProductsAndCartTests.testSearchProduct()[pri:1, instance:Tests.ProductsAndCartTests@4145bad8] output={null}]]]>
              </value>
            </param>
          </params>
          <reporter-output>
          </reporter-output>
        </test-method> <!-- captureScreenshotOnFailure -->
        <test-method signature="testVerifySubscriptionInHomePage()[pri:2, instance:Tests.ProductsAndCartTests@4145bad8]" started-at="2026-05-19T14:27:14 EEST" name="testVerifySubscriptionInHomePage" finished-at="2026-05-19T14:27:19 EEST" duration-ms="4930" status="PASS">
          <reporter-output>
          </reporter-output>
        </test-method> <!-- testVerifySubscriptionInHomePage -->
        <test-method is-config="true" signature="captureScreenshotOnFailure(org.testng.ITestResult)[pri:0, instance:Tests.ProductsAndCartTests@4145bad8]" started-at="2026-05-19T14:27:19 EEST" name="captureScreenshotOnFailure" finished-at="2026-05-19T14:27:19 EEST" duration-ms="1" status="PASS">
          <params>
            <param index="0">
              <value>
                <![CDATA[[TestResult name=testVerifySubscriptionInHomePage status=SUCCESS method=ProductsAndCartTests.testVerifySubscriptionInHomePage()[pri:2, instance:Tests.ProductsAndCartTests@4145bad8] output={null}]]]>
              </value>
            </param>
          </params>
          <reporter-output>
          </reporter-output>
        </test-method> <!-- captureScreenshotOnFailure -->
        <test-method signature="testVerifySubscriptionInCartPage()[pri:3, instance:Tests.ProductsAndCartTests@4145bad8]" started-at="2026-05-19T14:27:19 EEST" name="testVerifySubscriptionInCartPage" finished-at="2026-05-19T14:27:25 EEST" duration-ms="5452" status="PASS">
          <reporter-output>
          </reporter-output>
        </test-method> <!-- testVerifySubscriptionInCartPage -->
        <test-method signature="testAddProductsInCart()[pri:4, instance:Tests.ProductsAndCartTests@4145bad8]" started-at="2026-05-19T14:27:25 EEST" name="testAddProductsInCart" finished-at="2026-05-19T14:27:37 EEST" duration-ms="12192" status="PASS">
          <reporter-output>
          </reporter-output>
        </test-method> <!-- testAddProductsInCart -->
        <test-method is-config="true" signature="captureScreenshotOnFailure(org.testng.ITestResult)[pri:0, instance:Tests.ProductsAndCartTests@4145bad8]" started-at="2026-05-19T14:27:25 EEST" name="captureScreenshotOnFailure" finished-at="2026-05-19T14:27:25 EEST" duration-ms="0" status="PASS">
          <params>
            <param index="0">
              <value>
                <![CDATA[[TestResult name=testVerifySubscriptionInCartPage status=SUCCESS method=ProductsAndCartTests.testVerifySubscriptionInCartPage()[pri:3, instance:Tests.ProductsAndCartTests@4145bad8] output={null}]]]>
              </value>
            </param>
          </params>
          <reporter-output>
          </reporter-output>
        </test-method> <!-- captureScreenshotOnFailure -->
        <test-method is-config="true" signature="captureScreenshotOnFailure(org.testng.ITestResult)[pri:0, instance:Tests.ProductsAndCartTests@4145bad8]" started-at="2026-05-19T14:27:37 EEST" name="captureScreenshotOnFailure" finished-at="2026-05-19T14:27:37 EEST" duration-ms="0" status="PASS">
          <params>
            <param index="0">
              <value>
                <![CDATA[[TestResult name=testAddProductsInCart status=SUCCESS method=ProductsAndCartTests.testAddProductsInCart()[pri:4, instance:Tests.ProductsAndCartTests@4145bad8] output={null}]]]>
              </value>
            </param>
          </params>
          <reporter-output>
          </reporter-output>
        </test-method> <!-- captureScreenshotOnFailure -->
        <test-method signature="testVerifyProductQuantityInCart()[pri:5, instance:Tests.ProductsAndCartTests@4145bad8]" started-at="2026-05-19T14:27:37 EEST" name="testVerifyProductQuantityInCart" finished-at="2026-05-19T14:28:06 EEST" duration-ms="29376" status="PASS">
          <reporter-output>
          </reporter-output>
        </test-method> <!-- testVerifyProductQuantityInCart -->
        <test-method is-config="true" signature="captureScreenshotOnFailure(org.testng.ITestResult)[pri:0, instance:Tests.ProductsAndCartTests@4145bad8]" started-at="2026-05-19T14:28:06 EEST" name="captureScreenshotOnFailure" finished-at="2026-05-19T14:28:06 EEST" duration-ms="1" status="PASS">
          <params>
            <param index="0">
              <value>
                <![CDATA[[TestResult name=testVerifyProductQuantityInCart status=SUCCESS method=ProductsAndCartTests.testVerifyProductQuantityInCart()[pri:5, instance:Tests.ProductsAndCartTests@4145bad8] output={null}]]]>
              </value>
            </param>
          </params>
          <reporter-output>
          </reporter-output>
        </test-method> <!-- captureScreenshotOnFailure -->
        <test-method signature="testRemoveProductsFromCart()[pri:6, instance:Tests.ProductsAndCartTests@4145bad8]" started-at="2026-05-19T14:28:06 EEST" name="testRemoveProductsFromCart" finished-at="2026-05-19T14:28:45 EEST" duration-ms="38826" status="PASS">
          <reporter-output>
          </reporter-output>
        </test-method> <!-- testRemoveProductsFromCart -->
        <test-method is-config="true" signature="captureScreenshotOnFailure(org.testng.ITestResult)[pri:0, instance:Tests.ProductsAndCartTests@4145bad8]" started-at="2026-05-19T14:28:45 EEST" name="captureScreenshotOnFailure" finished-at="2026-05-19T14:28:45 EEST" duration-ms="1" status="PASS">
          <params>
            <param index="0">
              <value>
                <![CDATA[[TestResult name=testRemoveProductsFromCart status=SUCCESS method=ProductsAndCartTests.testRemoveProductsFromCart()[pri:6, instance:Tests.ProductsAndCartTests@4145bad8] output={null}]]]>
              </value>
            </param>
          </params>
          <reporter-output>
          </reporter-output>
        </test-method> <!-- captureScreenshotOnFailure -->
        <test-method signature="testAddToCartFromRecommendedItems()[pri:7, instance:Tests.ProductsAndCartTests@4145bad8]" started-at="2026-05-19T14:28:45 EEST" name="testAddToCartFromRecommendedItems" finished-at="2026-05-19T14:29:23 EEST" duration-ms="37768" status="PASS">
          <reporter-output>
          </reporter-output>
        </test-method> <!-- testAddToCartFromRecommendedItems -->
        <test-method is-config="true" signature="tearDown()[pri:0, instance:Tests.ProductsAndCartTests@4145bad8]" started-at="2026-05-19T14:29:23 EEST" name="tearDown" finished-at="2026-05-19T14:29:23 EEST" duration-ms="113" status="PASS">
          <reporter-output>
          </reporter-output>
        </test-method> <!-- tearDown -->
        <test-method is-config="true" signature="captureScreenshotOnFailure(org.testng.ITestResult)[pri:0, instance:Tests.ProductsAndCartTests@4145bad8]" started-at="2026-05-19T14:29:23 EEST" name="captureScreenshotOnFailure" finished-at="2026-05-19T14:29:23 EEST" duration-ms="0" status="PASS">
          <params>
            <param index="0">
              <value>
                <![CDATA[[TestResult name=testAddToCartFromRecommendedItems status=SUCCESS method=ProductsAndCartTests.testAddToCartFromRecommendedItems()[pri:7, instance:Tests.ProductsAndCartTests@4145bad8] output={null}]]]>
              </value>
            </param>
          </params>
          <reporter-output>
          </reporter-output>
        </test-method> <!-- captureScreenshotOnFailure -->
      </class> <!-- Tests.ProductsAndCartTests -->
    </test> <!-- Products And Cart Tests -->
    <test started-at="2026-05-19T14:29:23 EEST" name="Checkout Tests" finished-at="2026-05-19T14:34:28 EEST" duration-ms="305620">
      <class name="Tests.CheckoutTests">
        <test-method is-config="true" signature="prepareBrowser(java.lang.String,boolean,boolean)[pri:0, instance:Tests.CheckoutTests@2a7f1f10]" started-at="2026-05-19T14:29:23 EEST" name="prepareBrowser" finished-at="2026-05-19T14:29:23 EEST" duration-ms="571" status="PASS">
          <params>
            <param index="0">
              <value>
                <![CDATA[chrome]]>
              </value>
            </param>
            <param index="1">
              <value>
                <![CDATA[true]]>
              </value>
            </param>
            <param index="2">
              <value>
                <![CDATA[true]]>
              </value>
            </param>
          </params>
          <reporter-output>
          </reporter-output>
        </test-method> <!-- prepareBrowser -->
        <test-method is-config="true" signature="prepareTest()[pri:0, instance:Tests.CheckoutTests@2a7f1f10]" started-at="2026-05-19T14:29:23 EEST" name="prepareTest" finished-at="2026-05-19T14:29:23 EEST" duration-ms="2" status="PASS">
          <reporter-output>
          </reporter-output>
        </test-method> <!-- prepareTest -->
        <test-method signature="testPlaceOrderRegisterBeforeCheckout()[pri:0, instance:Tests.CheckoutTests@2a7f1f10]" started-at="2026-05-19T14:29:23 EEST" name="testPlaceOrderRegisterBeforeCheckout" finished-at="2026-05-19T14:30:05 EEST" duration-ms="41743" status="PASS">
          <reporter-output>
          </reporter-output>
        </test-method> <!-- testPlaceOrderRegisterBeforeCheckout -->
        <test-method is-config="true" signature="cleanupAccount()[pri:0, instance:Tests.CheckoutTests@2a7f1f10]" started-at="2026-05-19T14:30:05 EEST" name="cleanupAccount" finished-at="2026-05-19T14:30:31 EEST" duration-ms="26254" status="PASS">
          <reporter-output>
          </reporter-output>
        </test-method> <!-- cleanupAccount -->
        <test-method is-config="true" signature="captureScreenshotOnFailure(org.testng.ITestResult)[pri:0, instance:Tests.CheckoutTests@2a7f1f10]" started-at="2026-05-19T14:30:31 EEST" name="captureScreenshotOnFailure" finished-at="2026-05-19T14:30:31 EEST" duration-ms="1" status="PASS">
          <params>
            <param index="0">
              <value>
                <![CDATA[[TestResult name=testPlaceOrderRegisterBeforeCheckout status=SUCCESS method=CheckoutTests.testPlaceOrderRegisterBeforeCheckout()[pri:0, instance:Tests.CheckoutTests@2a7f1f10] output={null}]]]>
              </value>
            </param>
          </params>
          <reporter-output>
          </reporter-output>
        </test-method> <!-- captureScreenshotOnFailure -->
        <test-method signature="testPlaceOrderRegisterWhileCheckout()[pri:1, instance:Tests.CheckoutTests@2a7f1f10]" started-at="2026-05-19T14:30:31 EEST" name="testPlaceOrderRegisterWhileCheckout" finished-at="2026-05-19T14:31:16 EEST" duration-ms="44745" status="FAIL">
          <exception class="org.openqa.selenium.ElementClickInterceptedException">
            <message>
              <![CDATA[element click intercepted: Element <a data-product-id="3" class="btn btn-default add-to-cart">...</a> is not clickable at point (348, 161). Other element would receive the click: <h4 class="modal-title w-100">...</h4>
  (Session info: chrome=145.0.7632.160)
Build info: version: '4.43.0', revision: 'dd0f534'
System info: os.name: 'Windows 11', os.arch: 'amd64', os.version: '10.0', java.version: '25.0.2'
Driver info: org.openqa.selenium.chrome.ChromeDriver
Command: [aaca3839202444643547357f5c74f6d6, clickElement {id=f.576E65CEAAB3A8CDE0D7E2D13E5ADC42.d.93AECD03C787B2BA3EBAFAB8425AD3D4.e.492}]
Capabilities {acceptInsecureCerts: false, browserName: chrome, browserVersion: 145.0.7632.160, chrome: {chromedriverVersion: 145.0.7632.117 (de4e5d6e13b..., userDataDir: C:\Users\MOSTAF~1\AppData\L...}, fedcm:accounts: true, goog:chromeOptions: {debuggerAddress: localhost:62898}, goog:processID: 7916, networkConnectionEnabled: false, pageLoadStrategy: normal, platformName: windows, proxy: Proxy(), se:cdp: ws://localhost:62898/devtoo..., se:cdpVersion: 145.0.7632.160, setWindowRect: true, strictFileInteractability: false, timeouts: {implicit: 0, pageLoad: 300000, script: 30000}, unhandledPromptBehavior: dismiss and notify, webauthn:extension:credBlob: true, webauthn:extension:largeBlob: true, webauthn:extension:minPinLength: true, webauthn:extension:prf: true, webauthn:virtualAuthenticators: true}
Element: [[ChromeDriver: chrome on windows (aaca3839202444643547357f5c74f6d6)] -> css selector: div.overlay-content a.btn.add-to-cart]
Session ID: aaca3839202444643547357f5c74f6d6]]>
            </message>
            <full-stacktrace>
              <![CDATA[org.openqa.selenium.ElementClickInterceptedException: element click intercepted: Element <a data-product-id="3" class="btn btn-default add-to-cart">...</a> is not clickable at point (348, 161). Other element would receive the click: <h4 class="modal-title w-100">...</h4>
  (Session info: chrome=145.0.7632.160)
Build info: version: '4.43.0', revision: 'dd0f534'
System info: os.name: 'Windows 11', os.arch: 'amd64', os.version: '10.0', java.version: '25.0.2'
Driver info: org.openqa.selenium.chrome.ChromeDriver
Command: [aaca3839202444643547357f5c74f6d6, clickElement {id=f.576E65CEAAB3A8CDE0D7E2D13E5ADC42.d.93AECD03C787B2BA3EBAFAB8425AD3D4.e.492}]
Capabilities {acceptInsecureCerts: false, browserName: chrome, browserVersion: 145.0.7632.160, chrome: {chromedriverVersion: 145.0.7632.117 (de4e5d6e13b..., userDataDir: C:\Users\MOSTAF~1\AppData\L...}, fedcm:accounts: true, goog:chromeOptions: {debuggerAddress: localhost:62898}, goog:processID: 7916, networkConnectionEnabled: false, pageLoadStrategy: normal, platformName: windows, proxy: Proxy(), se:cdp: ws://localhost:62898/devtoo..., se:cdpVersion: 145.0.7632.160, setWindowRect: true, strictFileInteractability: false, timeouts: {implicit: 0, pageLoad: 300000, script: 30000}, unhandledPromptBehavior: dismiss and notify, webauthn:extension:credBlob: true, webauthn:extension:largeBlob: true, webauthn:extension:minPinLength: true, webauthn:extension:prf: true, webauthn:virtualAuthenticators: true}
Element: [[ChromeDriver: chrome on windows (aaca3839202444643547357f5c74f6d6)] -> css selector: div.overlay-content a.btn.add-to-cart]
Session ID: aaca3839202444643547357f5c74f6d6
at org.openqa.selenium.remote.ErrorCodec.decode(ErrorCodec.java:169)
at org.openqa.selenium.remote.codec.w3c.W3CHttpResponseCodec.decode(W3CHttpResponseCodec.java:142)
at org.openqa.selenium.remote.codec.w3c.W3CHttpResponseCodec.decode(W3CHttpResponseCodec.java:49)
at org.openqa.selenium.remote.HttpCommandExecutor.execute(HttpCommandExecutor.java:223)
at org.openqa.selenium.remote.service.DriverCommandExecutor.invokeExecute(DriverCommandExecutor.java:216)
at org.openqa.selenium.remote.service.DriverCommandExecutor.execute(DriverCommandExecutor.java:174)
at org.openqa.selenium.remote.RemoteWebDriver.execute(RemoteWebDriver.java:606)
at org.openqa.selenium.remote.RemoteWebElement.execute(RemoteWebElement.java:223)
at org.openqa.selenium.remote.RemoteWebElement.click(RemoteWebElement.java:76)
at Pages.ProductPage.addToCartFromOverlayByIndex(ProductPage.java:174)
at Tests.CheckoutTests.testPlaceOrderRegisterWhileCheckout(CheckoutTests.java:331)
at java.base/jdk.internal.reflect.DirectMethodHandleAccessor.invoke(DirectMethodHandleAccessor.java:104)
at java.base/java.lang.reflect.Method.invoke(Method.java:565)
at org.testng.internal.invokers.MethodInvocationHelper.invokeMethod(MethodInvocationHelper.java:141)
at org.testng.internal.invokers.TestInvoker.invokeMethod(TestInvoker.java:697)
at org.testng.internal.invokers.TestInvoker.invokeTestMethod(TestInvoker.java:230)
at org.testng.internal.invokers.MethodRunner.runInSequence(MethodRunner.java:63)
at org.testng.internal.invokers.TestInvoker$MethodInvocationAgent.invoke(TestInvoker.java:1005)
at org.testng.internal.invokers.TestInvoker.invokeTestMethods(TestInvoker.java:203)
at org.testng.internal.invokers.TestMethodWorker.invokeTestMethods(TestMethodWorker.java:154)
at org.testng.internal.invokers.TestMethodWorker.run(TestMethodWorker.java:134)
at java.base/java.util.ArrayList.forEach(ArrayList.java:1604)
at org.testng.TestRunner.privateRun(TestRunner.java:744)
at org.testng.TestRunner.run(TestRunner.java:616)
at org.testng.SuiteRunner.runTest(SuiteRunner.java:421)
at org.testng.SuiteRunner.runSequentially(SuiteRunner.java:413)
at org.testng.SuiteRunner.privateRun(SuiteRunner.java:373)
at org.testng.SuiteRunner.run(SuiteRunner.java:312)
at org.testng.SuiteRunnerWorker.runSuite(SuiteRunnerWorker.java:52)
at org.testng.SuiteRunnerWorker.run(SuiteRunnerWorker.java:95)
at org.testng.TestNG.runSuitesSequentially(TestNG.java:1274)
at org.testng.TestNG.runSuitesLocally(TestNG.java:1208)
at org.testng.TestNG.runSuites(TestNG.java:1112)
at org.testng.TestNG.run(TestNG.java:1079)
at org.apache.maven.surefire.testng.TestNGExecutor.run(TestNGExecutor.java:308)
at org.apache.maven.surefire.testng.TestNGXmlTestSuite.execute(TestNGXmlTestSuite.java:71)
at org.apache.maven.surefire.testng.TestNGProvider.invoke(TestNGProvider.java:113)
at org.apache.maven.surefire.booter.ForkedBooter.runSuitesInProcess(ForkedBooter.java:385)
at org.apache.maven.surefire.booter.ForkedBooter.execute(ForkedBooter.java:162)
at org.apache.maven.surefire.booter.ForkedBooter.run(ForkedBooter.java:507)
at org.apache.maven.surefire.booter.ForkedBooter.main(ForkedBooter.java:495)
]]>
            </full-stacktrace>
          </exception> <!-- org.openqa.selenium.ElementClickInterceptedException -->
          <reporter-output>
          </reporter-output>
        </test-method> <!-- testPlaceOrderRegisterWhileCheckout -->
        <test-method is-config="true" signature="cleanupAccount()[pri:0, instance:Tests.CheckoutTests@2a7f1f10]" started-at="2026-05-19T14:31:16 EEST" name="cleanupAccount" finished-at="2026-05-19T14:31:40 EEST" duration-ms="24191" status="PASS">
          <reporter-output>
          </reporter-output>
        </test-method> <!-- cleanupAccount -->
        <test-method is-config="true" signature="captureScreenshotOnFailure(org.testng.ITestResult)[pri:0, instance:Tests.CheckoutTests@2a7f1f10]" started-at="2026-05-19T14:31:40 EEST" name="captureScreenshotOnFailure" finished-at="2026-05-19T14:31:40 EEST" duration-ms="151" status="PASS">
          <params>
            <param index="0">
              <value>
                <![CDATA[[TestResult name=testPlaceOrderRegisterWhileCheckout status=FAILURE method=CheckoutTests.testPlaceOrderRegisterWhileCheckout()[pri:1, instance:Tests.CheckoutTests@2a7f1f10] output={null}]]]>
              </value>
            </param>
          </params>
          <reporter-output>
          </reporter-output>
        </test-method> <!-- captureScreenshotOnFailure -->
        <test-method signature="testPlaceOrderLoginBeforeCheckout()[pri:2, instance:Tests.CheckoutTests@2a7f1f10]" started-at="2026-05-19T14:31:40 EEST" name="testPlaceOrderLoginBeforeCheckout" finished-at="2026-05-19T14:32:31 EEST" duration-ms="50975" status="PASS">
          <reporter-output>
          </reporter-output>
        </test-method> <!-- testPlaceOrderLoginBeforeCheckout -->
        <test-method is-config="true" signature="cleanupAccount()[pri:0, instance:Tests.CheckoutTests@2a7f1f10]" started-at="2026-05-19T14:32:31 EEST" name="cleanupAccount" finished-at="2026-05-19T14:32:57 EEST" duration-ms="25845" status="PASS">
          <reporter-output>
          </reporter-output>
        </test-method> <!-- cleanupAccount -->
        <test-method is-config="true" signature="captureScreenshotOnFailure(org.testng.ITestResult)[pri:0, instance:Tests.CheckoutTests@2a7f1f10]" started-at="2026-05-19T14:32:57 EEST" name="captureScreenshotOnFailure" finished-at="2026-05-19T14:32:57 EEST" duration-ms="0" status="PASS">
          <params>
            <param index="0">
              <value>
                <![CDATA[[TestResult name=testPlaceOrderLoginBeforeCheckout status=SUCCESS method=CheckoutTests.testPlaceOrderLoginBeforeCheckout()[pri:2, instance:Tests.CheckoutTests@2a7f1f10] output={null}]]]>
              </value>
            </param>
          </params>
          <reporter-output>
          </reporter-output>
        </test-method> <!-- captureScreenshotOnFailure -->
        <test-method signature="testVerifyAddressDetailsInCheckout()[pri:3, instance:Tests.CheckoutTests@2a7f1f10]" started-at="2026-05-19T14:32:57 EEST" name="testVerifyAddressDetailsInCheckout" finished-at="2026-05-19T14:33:15 EEST" duration-ms="17652" status="PASS">
          <reporter-output>
          </reporter-output>
        </test-method> <!-- testVerifyAddressDetailsInCheckout -->
        <test-method is-config="true" signature="cleanupAccount()[pri:0, instance:Tests.CheckoutTests@2a7f1f10]" started-at="2026-05-19T14:33:15 EEST" name="cleanupAccount" finished-at="2026-05-19T14:33:26 EEST" duration-ms="11409" status="PASS">
          <reporter-output>
          </reporter-output>
        </test-method> <!-- cleanupAccount -->
        <test-method is-config="true" signature="captureScreenshotOnFailure(org.testng.ITestResult)[pri:0, instance:Tests.CheckoutTests@2a7f1f10]" started-at="2026-05-19T14:33:26 EEST" name="captureScreenshotOnFailure" finished-at="2026-05-19T14:33:26 EEST" duration-ms="1" status="PASS">
          <params>
            <param index="0">
              <value>
                <![CDATA[[TestResult name=testVerifyAddressDetailsInCheckout status=SUCCESS method=CheckoutTests.testVerifyAddressDetailsInCheckout()[pri:3, instance:Tests.CheckoutTests@2a7f1f10] output={null}]]]>
              </value>
            </param>
          </params>
          <reporter-output>
          </reporter-output>
        </test-method> <!-- captureScreenshotOnFailure -->
        <test-method signature="testDownloadInvoiceAfterPurchaseOrder()[pri:4, instance:Tests.CheckoutTests@2a7f1f10]" started-at="2026-05-19T14:33:26 EEST" name="testDownloadInvoiceAfterPurchaseOrder" finished-at="2026-05-19T14:33:59 EEST" duration-ms="32165" status="PASS">
          <reporter-output>
          </reporter-output>
        </test-method> <!-- testDownloadInvoiceAfterPurchaseOrder -->
        <test-method is-config="true" signature="cleanupAccount()[pri:0, instance:Tests.CheckoutTests@2a7f1f10]" started-at="2026-05-19T14:33:59 EEST" name="cleanupAccount" finished-at="2026-05-19T14:34:28 EEST" duration-ms="29739" status="PASS">
          <reporter-output>
          </reporter-output>
        </test-method> <!-- cleanupAccount -->
        <test-method is-config="true" signature="captureScreenshotOnFailure(org.testng.ITestResult)[pri:0, instance:Tests.CheckoutTests@2a7f1f10]" started-at="2026-05-19T14:34:28 EEST" name="captureScreenshotOnFailure" finished-at="2026-05-19T14:34:28 EEST" duration-ms="0" status="PASS">
          <params>
            <param index="0">
              <value>
                <![CDATA[[TestResult name=testDownloadInvoiceAfterPurchaseOrder status=SUCCESS method=CheckoutTests.testDownloadInvoiceAfterPurchaseOrder()[pri:4, instance:Tests.CheckoutTests@2a7f1f10] output={null}]]]>
              </value>
            </param>
          </params>
          <reporter-output>
          </reporter-output>
        </test-method> <!-- captureScreenshotOnFailure -->
        <test-method is-config="true" signature="tearDown()[pri:0, instance:Tests.CheckoutTests@2a7f1f10]" started-at="2026-05-19T14:34:28 EEST" name="tearDown" finished-at="2026-05-19T14:34:28 EEST" duration-ms="137" status="PASS">
          <reporter-output>
          </reporter-output>
        </test-method> <!-- tearDown -->
      </class> <!-- Tests.CheckoutTests -->
    </test> <!-- Checkout Tests -->
    <test started-at="2026-05-19T14:34:28 EEST" name="SideBar Tests" finished-at="2026-05-19T14:34:57 EEST" duration-ms="28627">
      <class name="Tests.SideBarTests">
        <test-method is-config="true" signature="prepareBrowser(java.lang.String,boolean,boolean)[pri:0, instance:Tests.SideBarTests@7526515b]" started-at="2026-05-19T14:34:28 EEST" name="prepareBrowser" finished-at="2026-05-19T14:34:29 EEST" duration-ms="557" status="PASS">
          <params>
            <param index="0">
              <value>
                <![CDATA[chrome]]>
              </value>
            </param>
            <param index="1">
              <value>
                <![CDATA[true]]>
              </value>
            </param>
            <param index="2">
              <value>
                <![CDATA[true]]>
              </value>
            </param>
          </params>
          <reporter-output>
          </reporter-output>
        </test-method> <!-- prepareBrowser -->
        <test-method is-config="true" signature="prepareTest()[pri:0, instance:Tests.SideBarTests@7526515b]" started-at="2026-05-19T14:34:29 EEST" name="prepareTest" finished-at="2026-05-19T14:34:29 EEST" duration-ms="1" status="PASS">
          <reporter-output>
          </reporter-output>
        </test-method> <!-- prepareTest -->
        <test-method signature="testViewCategoryProducts()[pri:0, instance:Tests.SideBarTests@7526515b]" started-at="2026-05-19T14:34:29 EEST" name="testViewCategoryProducts" finished-at="2026-05-19T14:34:40 EEST" duration-ms="11286" status="PASS">
          <reporter-output>
          </reporter-output>
        </test-method> <!-- testViewCategoryProducts -->
        <test-method is-config="true" signature="captureScreenshotOnFailure(org.testng.ITestResult)[pri:0, instance:Tests.SideBarTests@7526515b]" started-at="2026-05-19T14:34:40 EEST" name="captureScreenshotOnFailure" finished-at="2026-05-19T14:34:40 EEST" duration-ms="1" status="PASS">
          <params>
            <param index="0">
              <value>
                <![CDATA[[TestResult name=testViewCategoryProducts status=SUCCESS method=SideBarTests.testViewCategoryProducts()[pri:0, instance:Tests.SideBarTests@7526515b] output={null}]]]>
              </value>
            </param>
          </params>
          <reporter-output>
          </reporter-output>
        </test-method> <!-- captureScreenshotOnFailure -->
        <test-method signature="testViewCartBrandProducts()[pri:1, instance:Tests.SideBarTests@7526515b]" started-at="2026-05-19T14:34:40 EEST" name="testViewCartBrandProducts" finished-at="2026-05-19T14:34:57 EEST" duration-ms="16689" status="PASS">
          <reporter-output>
          </reporter-output>
        </test-method> <!-- testViewCartBrandProducts -->
        <test-method is-config="true" signature="captureScreenshotOnFailure(org.testng.ITestResult)[pri:0, instance:Tests.SideBarTests@7526515b]" started-at="2026-05-19T14:34:57 EEST" name="captureScreenshotOnFailure" finished-at="2026-05-19T14:34:57 EEST" duration-ms="1" status="PASS">
          <params>
            <param index="0">
              <value>
                <![CDATA[[TestResult name=testViewCartBrandProducts status=SUCCESS method=SideBarTests.testViewCartBrandProducts()[pri:1, instance:Tests.SideBarTests@7526515b] output={null}]]]>
              </value>
            </param>
          </params>
          <reporter-output>
          </reporter-output>
        </test-method> <!-- captureScreenshotOnFailure -->
        <test-method is-config="true" signature="tearDown()[pri:0, instance:Tests.SideBarTests@7526515b]" started-at="2026-05-19T14:34:57 EEST" name="tearDown" finished-at="2026-05-19T14:34:57 EEST" duration-ms="86" status="PASS">
          <reporter-output>
          </reporter-output>
        </test-method> <!-- tearDown -->
      </class> <!-- Tests.SideBarTests -->
    </test> <!-- SideBar Tests -->
    <test started-at="2026-05-19T14:34:57 EEST" name="Search And Review Tests" finished-at="2026-05-19T14:36:10 EEST" duration-ms="73328">
      <class name="Tests.SearchAndReviewTests">
        <test-method is-config="true" signature="prepareBrowser(java.lang.String,boolean,boolean)[pri:0, instance:Tests.SearchAndReviewTests@6892b3b6]" started-at="2026-05-19T14:34:57 EEST" name="prepareBrowser" finished-at="2026-05-19T14:34:58 EEST" duration-ms="549" status="PASS">
          <params>
            <param index="0">
              <value>
                <![CDATA[chrome]]>
              </value>
            </param>
            <param index="1">
              <value>
                <![CDATA[true]]>
              </value>
            </param>
            <param index="2">
              <value>
                <![CDATA[true]]>
              </value>
            </param>
          </params>
          <reporter-output>
          </reporter-output>
        </test-method> <!-- prepareBrowser -->
        <test-method is-config="true" signature="prepareTest()[pri:0, instance:Tests.SearchAndReviewTests@6892b3b6]" started-at="2026-05-19T14:34:58 EEST" name="prepareTest" finished-at="2026-05-19T14:35:16 EEST" duration-ms="18344" status="PASS">
          <reporter-output>
          </reporter-output>
        </test-method> <!-- prepareTest -->
        <test-method signature="testSearchProductsAndVerifyCartAfterLogin()[pri:0, instance:Tests.SearchAndReviewTests@6892b3b6]" started-at="2026-05-19T14:35:16 EEST" name="testSearchProductsAndVerifyCartAfterLogin" finished-at="2026-05-19T14:35:42 EEST" duration-ms="25841" status="PASS">
          <reporter-output>
          </reporter-output>
        </test-method> <!-- testSearchProductsAndVerifyCartAfterLogin -->
        <test-method is-config="true" signature="captureScreenshotOnFailure(org.testng.ITestResult)[pri:0, instance:Tests.SearchAndReviewTests@6892b3b6]" started-at="2026-05-19T14:35:42 EEST" name="captureScreenshotOnFailure" finished-at="2026-05-19T14:35:42 EEST" duration-ms="0" status="PASS">
          <params>
            <param index="0">
              <value>
                <![CDATA[[TestResult name=testSearchProductsAndVerifyCartAfterLogin status=SUCCESS method=SearchAndReviewTests.testSearchProductsAndVerifyCartAfterLogin()[pri:0, instance:Tests.SearchAndReviewTests@6892b3b6] output={null}]]]>
              </value>
            </param>
          </params>
          <reporter-output>
          </reporter-output>
        </test-method> <!-- captureScreenshotOnFailure -->
        <test-method signature="testAddReviewOnProduct()[pri:1, instance:Tests.SearchAndReviewTests@6892b3b6]" started-at="2026-05-19T14:35:42 EEST" name="testAddReviewOnProduct" finished-at="2026-05-19T14:35:59 EEST" duration-ms="17260" status="PASS">
          <reporter-output>
          </reporter-output>
        </test-method> <!-- testAddReviewOnProduct -->
        <test-method is-config="true" signature="captureScreenshotOnFailure(org.testng.ITestResult)[pri:0, instance:Tests.SearchAndReviewTests@6892b3b6]" started-at="2026-05-19T14:35:59 EEST" name="captureScreenshotOnFailure" finished-at="2026-05-19T14:35:59 EEST" duration-ms="1" status="PASS">
          <params>
            <param index="0">
              <value>
                <![CDATA[[TestResult name=testAddReviewOnProduct status=SUCCESS method=SearchAndReviewTests.testAddReviewOnProduct()[pri:1, instance:Tests.SearchAndReviewTests@6892b3b6] output={null}]]]>
              </value>
            </param>
          </params>
          <reporter-output>
          </reporter-output>
        </test-method> <!-- captureScreenshotOnFailure -->
        <test-method is-config="true" signature="cleanupAccount()[pri:0, instance:Tests.SearchAndReviewTests@6892b3b6]" started-at="2026-05-19T14:35:59 EEST" name="cleanupAccount" finished-at="2026-05-19T14:36:10 EEST" duration-ms="11221" status="PASS">
          <reporter-output>
          </reporter-output>
        </test-method> <!-- cleanupAccount -->
        <test-method is-config="true" signature="tearDown()[pri:0, instance:Tests.SearchAndReviewTests@6892b3b6]" started-at="2026-05-19T14:36:10 EEST" name="tearDown" finished-at="2026-05-19T14:36:10 EEST" duration-ms="106" status="PASS">
          <reporter-output>
          </reporter-output>
        </test-method> <!-- tearDown -->
      </class> <!-- Tests.SearchAndReviewTests -->
    </test> <!-- Search And Review Tests -->
    <test started-at="2026-05-19T14:36:10 EEST" name="Scroll UI Tests" finished-at="2026-05-19T14:36:27 EEST" duration-ms="16539">
      <class name="Tests.ScrollUITests">
        <test-method is-config="true" signature="prepareBrowser(java.lang.String,boolean,boolean)[pri:0, instance:Tests.ScrollUITests@1530c739]" started-at="2026-05-19T14:36:10 EEST" name="prepareBrowser" finished-at="2026-05-19T14:36:11 EEST" duration-ms="556" status="PASS">
          <params>
            <param index="0">
              <value>
                <![CDATA[chrome]]>
              </value>
            </param>
            <param index="1">
              <value>
                <![CDATA[true]]>
              </value>
            </param>
            <param index="2">
              <value>
                <![CDATA[true]]>
              </value>
            </param>
          </params>
          <reporter-output>
          </reporter-output>
        </test-method> <!-- prepareBrowser -->
        <test-method signature="testScrollUpUsingArrowButton()[pri:0, instance:Tests.ScrollUITests@1530c739]" started-at="2026-05-19T14:36:11 EEST" name="testScrollUpUsingArrowButton" finished-at="2026-05-19T14:36:22 EEST" duration-ms="10584" status="PASS">
          <reporter-output>
          </reporter-output>
        </test-method> <!-- testScrollUpUsingArrowButton -->
        <test-method is-config="true" signature="captureScreenshotOnFailure(org.testng.ITestResult)[pri:0, instance:Tests.ScrollUITests@1530c739]" started-at="2026-05-19T14:36:22 EEST" name="captureScreenshotOnFailure" finished-at="2026-05-19T14:36:22 EEST" duration-ms="1" status="PASS">
          <params>
            <param index="0">
              <value>
                <![CDATA[[TestResult name=testScrollUpUsingArrowButton status=SUCCESS method=ScrollUITests.testScrollUpUsingArrowButton()[pri:0, instance:Tests.ScrollUITests@1530c739] output={null}]]]>
              </value>
            </param>
          </params>
          <reporter-output>
          </reporter-output>
        </test-method> <!-- captureScreenshotOnFailure -->
        <test-method signature="testScrollUpWithoutArrowButton()[pri:1, instance:Tests.ScrollUITests@1530c739]" started-at="2026-05-19T14:36:22 EEST" name="testScrollUpWithoutArrowButton" finished-at="2026-05-19T14:36:27 EEST" duration-ms="5316" status="PASS">
          <reporter-output>
          </reporter-output>
        </test-method> <!-- testScrollUpWithoutArrowButton -->
        <test-method is-config="true" signature="captureScreenshotOnFailure(org.testng.ITestResult)[pri:0, instance:Tests.ScrollUITests@1530c739]" started-at="2026-05-19T14:36:27 EEST" name="captureScreenshotOnFailure" finished-at="2026-05-19T14:36:27 EEST" duration-ms="0" status="PASS">
          <params>
            <param index="0">
              <value>
                <![CDATA[[TestResult name=testScrollUpWithoutArrowButton status=SUCCESS method=ScrollUITests.testScrollUpWithoutArrowButton()[pri:1, instance:Tests.ScrollUITests@1530c739] output={null}]]]>
              </value>
            </param>
          </params>
          <reporter-output>
          </reporter-output>
        </test-method> <!-- captureScreenshotOnFailure -->
        <test-method is-config="true" signature="tearDown()[pri:0, instance:Tests.ScrollUITests@1530c739]" started-at="2026-05-19T14:36:27 EEST" name="tearDown" finished-at="2026-05-19T14:36:27 EEST" duration-ms="75" status="PASS">
          <reporter-output>
          </reporter-output>
        </test-method> <!-- tearDown -->
      </class> <!-- Tests.ScrollUITests -->
    </test> <!-- Scroll UI Tests -->
    <test started-at="2026-05-19T14:36:27 EEST" name="Bonus Tests" finished-at="2026-05-19T14:37:36 EEST" duration-ms="69465">
      <class name="Tests.BonusTests">
        <test-method is-config="true" signature="setupAllureEnvironment()[pri:0, instance:Tests.BonusTests@8f2ef19]" started-at="2026-05-19T14:22:11 EEST" name="setupAllureEnvironment" finished-at="2026-05-19T14:22:11 EEST" duration-ms="11" status="PASS">
          <reporter-output>
          </reporter-output>
        </test-method> <!-- setupAllureEnvironment -->
        <test-method is-config="true" signature="prepareBrowser(java.lang.String,boolean,boolean)[pri:0, instance:Tests.BonusTests@8f2ef19]" started-at="2026-05-19T14:36:27 EEST" name="prepareBrowser" finished-at="2026-05-19T14:36:27 EEST" duration-ms="547" status="PASS">
          <params>
            <param index="0">
              <value>
                <![CDATA[chrome]]>
              </value>
            </param>
            <param index="1">
              <value>
                <![CDATA[true]]>
              </value>
            </param>
            <param index="2">
              <value>
                <![CDATA[true]]>
              </value>
            </param>
          </params>
          <reporter-output>
          </reporter-output>
        </test-method> <!-- prepareBrowser -->
        <test-method is-config="true" signature="prepareTest()[pri:0, instance:Tests.BonusTests@8f2ef19]" started-at="2026-05-19T14:36:27 EEST" name="prepareTest" finished-at="2026-05-19T14:36:27 EEST" duration-ms="1" status="PASS">
          <reporter-output>
          </reporter-output>
        </test-method> <!-- prepareTest -->
        <test-method signature="testRegisterWithWeakPassword()[pri:0, instance:Tests.BonusTests@8f2ef19]" started-at="2026-05-19T14:36:27 EEST" name="testRegisterWithWeakPassword" finished-at="2026-05-19T14:36:50 EEST" duration-ms="22403" status="FAIL">
          <exception class="java.lang.AssertionError">
            <message>
              <![CDATA[BUG: No password strength validation! Weak password '123' was accepted. Account was created.]]>
            </message>
            <full-stacktrace>
              <![CDATA[java.lang.AssertionError: BUG: No password strength validation! Weak password '123' was accepted. Account was created.
at org.testng.Assert.fail(Assert.java:111)
at Tests.BonusTests.testRegisterWithWeakPassword(BonusTests.java:114)
at java.base/jdk.internal.reflect.DirectMethodHandleAccessor.invoke(DirectMethodHandleAccessor.java:104)
at java.base/java.lang.reflect.Method.invoke(Method.java:565)
at org.testng.internal.invokers.MethodInvocationHelper.invokeMethod(MethodInvocationHelper.java:141)
at org.testng.internal.invokers.TestInvoker.invokeMethod(TestInvoker.java:697)
at org.testng.internal.invokers.TestInvoker.invokeTestMethod(TestInvoker.java:230)
at org.testng.internal.invokers.MethodRunner.runInSequence(MethodRunner.java:63)
at org.testng.internal.invokers.TestInvoker$MethodInvocationAgent.invoke(TestInvoker.java:1005)
at org.testng.internal.invokers.TestInvoker.invokeTestMethods(TestInvoker.java:203)
at org.testng.internal.invokers.TestMethodWorker.invokeTestMethods(TestMethodWorker.java:154)
at org.testng.internal.invokers.TestMethodWorker.run(TestMethodWorker.java:134)
at java.base/java.util.ArrayList.forEach(ArrayList.java:1604)
at org.testng.TestRunner.privateRun(TestRunner.java:744)
at org.testng.TestRunner.run(TestRunner.java:616)
at org.testng.SuiteRunner.runTest(SuiteRunner.java:421)
at org.testng.SuiteRunner.runSequentially(SuiteRunner.java:413)
at org.testng.SuiteRunner.privateRun(SuiteRunner.java:373)
at org.testng.SuiteRunner.run(SuiteRunner.java:312)
at org.testng.SuiteRunnerWorker.runSuite(SuiteRunnerWorker.java:52)
at org.testng.SuiteRunnerWorker.run(SuiteRunnerWorker.java:95)
at org.testng.TestNG.runSuitesSequentially(TestNG.java:1274)
at org.testng.TestNG.runSuitesLocally(TestNG.java:1208)
at org.testng.TestNG.runSuites(TestNG.java:1112)
at org.testng.TestNG.run(TestNG.java:1079)
at org.apache.maven.surefire.testng.TestNGExecutor.run(TestNGExecutor.java:308)
at org.apache.maven.surefire.testng.TestNGXmlTestSuite.execute(TestNGXmlTestSuite.java:71)
at org.apache.maven.surefire.testng.TestNGProvider.invoke(TestNGProvider.java:113)
at org.apache.maven.surefire.booter.ForkedBooter.runSuitesInProcess(ForkedBooter.java:385)
at org.apache.maven.surefire.booter.ForkedBooter.execute(ForkedBooter.java:162)
at org.apache.maven.surefire.booter.ForkedBooter.run(ForkedBooter.java:507)
at org.apache.maven.surefire.booter.ForkedBooter.main(ForkedBooter.java:495)
]]>
            </full-stacktrace>
          </exception> <!-- java.lang.AssertionError -->
          <reporter-output>
          </reporter-output>
        </test-method> <!-- testRegisterWithWeakPassword -->
        <test-method is-config="true" signature="captureScreenshotOnFailure(org.testng.ITestResult)[pri:0, instance:Tests.BonusTests@8f2ef19]" started-at="2026-05-19T14:36:50 EEST" name="captureScreenshotOnFailure" finished-at="2026-05-19T14:36:50 EEST" duration-ms="143" status="PASS">
          <params>
            <param index="0">
              <value>
                <![CDATA[[TestResult name=testRegisterWithWeakPassword status=FAILURE method=BonusTests.testRegisterWithWeakPassword()[pri:0, instance:Tests.BonusTests@8f2ef19] output={null}]]]>
              </value>
            </param>
          </params>
          <reporter-output>
          </reporter-output>
        </test-method> <!-- captureScreenshotOnFailure -->
        <test-method signature="testAddProductWithZeroQuantity()[pri:1, instance:Tests.BonusTests@8f2ef19]" started-at="2026-05-19T14:36:50 EEST" name="testAddProductWithZeroQuantity" finished-at="2026-05-19T14:36:58 EEST" duration-ms="8374" status="FAIL">
          <exception class="java.lang.AssertionError">
            <message>
              <![CDATA[BUG: Product added with zero quantity! manual typing bypasses validation.]]>
            </message>
            <full-stacktrace>
              <![CDATA[java.lang.AssertionError: BUG: Product added with zero quantity! manual typing bypasses validation.
at org.testng.Assert.fail(Assert.java:111)
at Tests.BonusTests.testAddProductWithZeroQuantity(BonusTests.java:173)
at java.base/jdk.internal.reflect.DirectMethodHandleAccessor.invoke(DirectMethodHandleAccessor.java:104)
at java.base/java.lang.reflect.Method.invoke(Method.java:565)
at org.testng.internal.invokers.MethodInvocationHelper.invokeMethod(MethodInvocationHelper.java:141)
at org.testng.internal.invokers.TestInvoker.invokeMethod(TestInvoker.java:697)
at org.testng.internal.invokers.TestInvoker.invokeTestMethod(TestInvoker.java:230)
at org.testng.internal.invokers.MethodRunner.runInSequence(MethodRunner.java:63)
at org.testng.internal.invokers.TestInvoker$MethodInvocationAgent.invoke(TestInvoker.java:1005)
at org.testng.internal.invokers.TestInvoker.invokeTestMethods(TestInvoker.java:203)
at org.testng.internal.invokers.TestMethodWorker.invokeTestMethods(TestMethodWorker.java:154)
at org.testng.internal.invokers.TestMethodWorker.run(TestMethodWorker.java:134)
at java.base/java.util.ArrayList.forEach(ArrayList.java:1604)
at org.testng.TestRunner.privateRun(TestRunner.java:744)
at org.testng.TestRunner.run(TestRunner.java:616)
at org.testng.SuiteRunner.runTest(SuiteRunner.java:421)
at org.testng.SuiteRunner.runSequentially(SuiteRunner.java:413)
at org.testng.SuiteRunner.privateRun(SuiteRunner.java:373)
at org.testng.SuiteRunner.run(SuiteRunner.java:312)
at org.testng.SuiteRunnerWorker.runSuite(SuiteRunnerWorker.java:52)
at org.testng.SuiteRunnerWorker.run(SuiteRunnerWorker.java:95)
at org.testng.TestNG.runSuitesSequentially(TestNG.java:1274)
at org.testng.TestNG.runSuitesLocally(TestNG.java:1208)
at org.testng.TestNG.runSuites(TestNG.java:1112)
at org.testng.TestNG.run(TestNG.java:1079)
at org.apache.maven.surefire.testng.TestNGExecutor.run(TestNGExecutor.java:308)
at org.apache.maven.surefire.testng.TestNGXmlTestSuite.execute(TestNGXmlTestSuite.java:71)
at org.apache.maven.surefire.testng.TestNGProvider.invoke(TestNGProvider.java:113)
at org.apache.maven.surefire.booter.ForkedBooter.runSuitesInProcess(ForkedBooter.java:385)
at org.apache.maven.surefire.booter.ForkedBooter.execute(ForkedBooter.java:162)
at org.apache.maven.surefire.booter.ForkedBooter.run(ForkedBooter.java:507)
at org.apache.maven.surefire.booter.ForkedBooter.main(ForkedBooter.java:495)
]]>
            </full-stacktrace>
          </exception> <!-- java.lang.AssertionError -->
          <reporter-output>
          </reporter-output>
        </test-method> <!-- testAddProductWithZeroQuantity -->
        <test-method is-config="true" signature="captureScreenshotOnFailure(org.testng.ITestResult)[pri:0, instance:Tests.BonusTests@8f2ef19]" started-at="2026-05-19T14:36:58 EEST" name="captureScreenshotOnFailure" finished-at="2026-05-19T14:36:59 EEST" duration-ms="125" status="PASS">
          <params>
            <param index="0">
              <value>
                <![CDATA[[TestResult name=testAddProductWithZeroQuantity status=FAILURE method=BonusTests.testAddProductWithZeroQuantity()[pri:1, instance:Tests.BonusTests@8f2ef19] output={null}]]]>
              </value>
            </param>
          </params>
          <reporter-output>
          </reporter-output>
        </test-method> <!-- captureScreenshotOnFailure -->
        <test-method signature="testSearchWithEmptyInput()[pri:2, instance:Tests.BonusTests@8f2ef19]" started-at="2026-05-19T14:36:59 EEST" name="testSearchWithEmptyInput" finished-at="2026-05-19T14:37:15 EEST" duration-ms="16316" status="FAIL">
          <exception class="java.lang.AssertionError">
            <message>
              <![CDATA[BUG: Empty search returned 34 products! Should have returned 0 results.]]>
            </message>
            <full-stacktrace>
              <![CDATA[java.lang.AssertionError: BUG: Empty search returned 34 products! Should have returned 0 results.
at org.testng.Assert.fail(Assert.java:111)
at Tests.BonusTests.testSearchWithEmptyInput(BonusTests.java:221)
at java.base/jdk.internal.reflect.DirectMethodHandleAccessor.invoke(DirectMethodHandleAccessor.java:104)
at java.base/java.lang.reflect.Method.invoke(Method.java:565)
at org.testng.internal.invokers.MethodInvocationHelper.invokeMethod(MethodInvocationHelper.java:141)
at org.testng.internal.invokers.TestInvoker.invokeMethod(TestInvoker.java:697)
at org.testng.internal.invokers.TestInvoker.invokeTestMethod(TestInvoker.java:230)
at org.testng.internal.invokers.MethodRunner.runInSequence(MethodRunner.java:63)
at org.testng.internal.invokers.TestInvoker$MethodInvocationAgent.invoke(TestInvoker.java:1005)
at org.testng.internal.invokers.TestInvoker.invokeTestMethods(TestInvoker.java:203)
at org.testng.internal.invokers.TestMethodWorker.invokeTestMethods(TestMethodWorker.java:154)
at org.testng.internal.invokers.TestMethodWorker.run(TestMethodWorker.java:134)
at java.base/java.util.ArrayList.forEach(ArrayList.java:1604)
at org.testng.TestRunner.privateRun(TestRunner.java:744)
at org.testng.TestRunner.run(TestRunner.java:616)
at org.testng.SuiteRunner.runTest(SuiteRunner.java:421)
at org.testng.SuiteRunner.runSequentially(SuiteRunner.java:413)
at org.testng.SuiteRunner.privateRun(SuiteRunner.java:373)
at org.testng.SuiteRunner.run(SuiteRunner.java:312)
at org.testng.SuiteRunnerWorker.runSuite(SuiteRunnerWorker.java:52)
at org.testng.SuiteRunnerWorker.run(SuiteRunnerWorker.java:95)
at org.testng.TestNG.runSuitesSequentially(TestNG.java:1274)
at org.testng.TestNG.runSuitesLocally(TestNG.java:1208)
at org.testng.TestNG.runSuites(TestNG.java:1112)
at org.testng.TestNG.run(TestNG.java:1079)
at org.apache.maven.surefire.testng.TestNGExecutor.run(TestNGExecutor.java:308)
at org.apache.maven.surefire.testng.TestNGXmlTestSuite.execute(TestNGXmlTestSuite.java:71)
at org.apache.maven.surefire.testng.TestNGProvider.invoke(TestNGProvider.java:113)
at org.apache.maven.surefire.booter.ForkedBooter.runSuitesInProcess(ForkedBooter.java:385)
at org.apache.maven.surefire.booter.ForkedBooter.execute(ForkedBooter.java:162)
at org.apache.maven.surefire.booter.ForkedBooter.run(ForkedBooter.java:507)
at org.apache.maven.surefire.booter.ForkedBooter.main(ForkedBooter.java:495)
]]>
            </full-stacktrace>
          </exception> <!-- java.lang.AssertionError -->
          <reporter-output>
          </reporter-output>
        </test-method> <!-- testSearchWithEmptyInput -->
        <test-method is-config="true" signature="captureScreenshotOnFailure(org.testng.ITestResult)[pri:0, instance:Tests.BonusTests@8f2ef19]" started-at="2026-05-19T14:37:15 EEST" name="captureScreenshotOnFailure" finished-at="2026-05-19T14:37:15 EEST" duration-ms="114" status="PASS">
          <params>
            <param index="0">
              <value>
                <![CDATA[[TestResult name=testSearchWithEmptyInput status=FAILURE method=BonusTests.testSearchWithEmptyInput()[pri:2, instance:Tests.BonusTests@8f2ef19] output={null}]]]>
              </value>
            </param>
          </params>
          <reporter-output>
          </reporter-output>
        </test-method> <!-- captureScreenshotOnFailure -->
        <test-method signature="testCheckoutWithZeroQuantity()[pri:3, instance:Tests.BonusTests@8f2ef19]" started-at="2026-05-19T14:37:15 EEST" name="testCheckoutWithZeroQuantity" finished-at="2026-05-19T14:37:36 EEST" duration-ms="21244" status="FAIL">
          <exception class="java.lang.AssertionError">
            <message>
              <![CDATA[Account not created! expected [true] but found [false]]]>
            </message>
            <full-stacktrace>
              <![CDATA[java.lang.AssertionError: Account not created! expected [true] but found [false]
at org.testng.Assert.fail(Assert.java:111)
at org.testng.Assert.failNotEquals(Assert.java:1590)
at org.testng.Assert.assertTrue(Assert.java:57)
at Tests.BonusTests.testCheckoutWithZeroQuantity(BonusTests.java:264)
at java.base/jdk.internal.reflect.DirectMethodHandleAccessor.invoke(DirectMethodHandleAccessor.java:104)
at java.base/java.lang.reflect.Method.invoke(Method.java:565)
at org.testng.internal.invokers.MethodInvocationHelper.invokeMethod(MethodInvocationHelper.java:141)
at org.testng.internal.invokers.TestInvoker.invokeMethod(TestInvoker.java:697)
at org.testng.internal.invokers.TestInvoker.invokeTestMethod(TestInvoker.java:230)
at org.testng.internal.invokers.MethodRunner.runInSequence(MethodRunner.java:63)
at org.testng.internal.invokers.TestInvoker$MethodInvocationAgent.invoke(TestInvoker.java:1005)
at org.testng.internal.invokers.TestInvoker.invokeTestMethods(TestInvoker.java:203)
at org.testng.internal.invokers.TestMethodWorker.invokeTestMethods(TestMethodWorker.java:154)
at org.testng.internal.invokers.TestMethodWorker.run(TestMethodWorker.java:134)
at java.base/java.util.ArrayList.forEach(ArrayList.java:1604)
at org.testng.TestRunner.privateRun(TestRunner.java:744)
at org.testng.TestRunner.run(TestRunner.java:616)
at org.testng.SuiteRunner.runTest(SuiteRunner.java:421)
at org.testng.SuiteRunner.runSequentially(SuiteRunner.java:413)
at org.testng.SuiteRunner.privateRun(SuiteRunner.java:373)
at org.testng.SuiteRunner.run(SuiteRunner.java:312)
at org.testng.SuiteRunnerWorker.runSuite(SuiteRunnerWorker.java:52)
at org.testng.SuiteRunnerWorker.run(SuiteRunnerWorker.java:95)
at org.testng.TestNG.runSuitesSequentially(TestNG.java:1274)
at org.testng.TestNG.runSuitesLocally(TestNG.java:1208)
at org.testng.TestNG.runSuites(TestNG.java:1112)
at org.testng.TestNG.run(TestNG.java:1079)
at org.apache.maven.surefire.testng.TestNGExecutor.run(TestNGExecutor.java:308)
at org.apache.maven.surefire.testng.TestNGXmlTestSuite.execute(TestNGXmlTestSuite.java:71)
at org.apache.maven.surefire.testng.TestNGProvider.invoke(TestNGProvider.java:113)
at org.apache.maven.surefire.booter.ForkedBooter.runSuitesInProcess(ForkedBooter.java:385)
at org.apache.maven.surefire.booter.ForkedBooter.execute(ForkedBooter.java:162)
at org.apache.maven.surefire.booter.ForkedBooter.run(ForkedBooter.java:507)
at org.apache.maven.surefire.booter.ForkedBooter.main(ForkedBooter.java:495)
]]>
            </full-stacktrace>
          </exception> <!-- java.lang.AssertionError -->
          <reporter-output>
          </reporter-output>
        </test-method> <!-- testCheckoutWithZeroQuantity -->
        <test-method is-config="true" signature="captureScreenshotOnFailure(org.testng.ITestResult)[pri:0, instance:Tests.BonusTests@8f2ef19]" started-at="2026-05-19T14:37:36 EEST" name="captureScreenshotOnFailure" finished-at="2026-05-19T14:37:36 EEST" duration-ms="95" status="PASS">
          <params>
            <param index="0">
              <value>
                <![CDATA[[TestResult name=testCheckoutWithZeroQuantity status=FAILURE method=BonusTests.testCheckoutWithZeroQuantity()[pri:3, instance:Tests.BonusTests@8f2ef19] output={null}]]]>
              </value>
            </param>
          </params>
          <reporter-output>
          </reporter-output>
        </test-method> <!-- captureScreenshotOnFailure -->
        <test-method is-config="true" signature="tearDown()[pri:0, instance:Tests.BonusTests@8f2ef19]" started-at="2026-05-19T14:37:36 EEST" name="tearDown" finished-at="2026-05-19T14:37:36 EEST" duration-ms="89" status="PASS">
          <reporter-output>
          </reporter-output>
        </test-method> <!-- tearDown -->
      </class> <!-- Tests.BonusTests -->
    </test> <!-- Bonus Tests -->
  </suite> <!-- AutomationExercise Test Suite -->
</testng-results>
