<?xml version="1.0" encoding="UTF-8"?>
<!-- Generated by org.testng.reporters.JUnitReportReporter -->
<testsuite hostname="MOSTAFA-PC" failures="0" tests="2" name="Tests.ScrollUITests" time="15.901" errors="0" timestamp="2026-05-19T14:37:36 EEST" skipped="0">
  <testcase classname="Tests.ScrollUITests" name="testScrollUpUsingArrowButton" time="10.584"/>
  <testcase classname="Tests.ScrollUITests" name="testScrollUpWithoutArrowButton" time="5.317"/>
</testsuite> <!-- Tests.ScrollUITests -->
