<?xml version="1.0" encoding="UTF-8"?>
<!-- Generated by org.testng.reporters.JUnitReportReporter -->
<testsuite hostname="MOSTAFA-PC" failures="0" tests="2" name="Tests.SearchAndReviewTests" time="43.102" errors="0" timestamp="2026-05-19T14:37:36 EEST" skipped="0">
  <testcase classname="Tests.SearchAndReviewTests" name="testSearchProductsAndVerifyCartAfterLogin" time="25.841"/>
  <testcase classname="Tests.SearchAndReviewTests" name="testAddReviewOnProduct" time="17.261"/>
</testsuite> <!-- Tests.SearchAndReviewTests -->
