<?xml version="1.0" encoding="UTF-8"?>
<!-- Generated by org.testng.reporters.JUnitReportReporter -->
<testsuite hostname="MOSTAFA-PC" failures="0" tests="5" name="Tests.UserAuthTests" time="79.423" errors="0" timestamp="2026-05-19T14:37:36 EEST" skipped="0">
  <testcase classname="Tests.UserAuthTests" name="testRegisterUser" time="26.086"/>
  <testcase classname="Tests.UserAuthTests" name="testLoginWithCorrectCredentials" time="21.938"/>
  <testcase classname="Tests.UserAuthTests" name="testLoginWithIncorrectCredentials" time="7.242"/>
  <testcase classname="Tests.UserAuthTests" name="testLogout" time="14.504"/>
  <testcase classname="Tests.UserAuthTests" name="testRegisterUserWithExistingEmail" time="9.653"/>
</testsuite> <!-- Tests.UserAuthTests -->
