<?xml version="1.0" encoding="UTF-8"?>
<!-- Generated by org.testng.reporters.JUnitReportReporter -->
<testsuite hostname="MOSTAFA-PC" failures="0" tests="2" name="Tests.ContactUsAndTestCasesTests" time="31.277" errors="0" timestamp="2026-05-19T14:37:36 EEST" skipped="0">
  <testcase classname="Tests.ContactUsAndTestCasesTests" name="testContactUs" time="21.250"/>
  <testcase classname="Tests.ContactUsAndTestCasesTests" name="testTestCasesPage" time="10.027"/>
</testsuite> <!-- Tests.ContactUsAndTestCasesTests -->
