<?xml version="1.0" encoding="UTF-8"?>
<!-- Generated by org.testng.reporters.JUnitReportReporter -->
<testsuite hostname="MOSTAFA-PC" failures="0" tests="8" name="Tests.ProductsAndCartTests" time="154.333" errors="0" timestamp="2026-05-19T14:37:36 EEST" skipped="0">
  <testcase classname="Tests.ProductsAndCartTests" name="testVerifyAllProductsAndProductDetailPage" time="14.173"/>
  <testcase classname="Tests.ProductsAndCartTests" name="testSearchProduct" time="11.613"/>
  <testcase classname="Tests.ProductsAndCartTests" name="testVerifySubscriptionInHomePage" time="4.930"/>
  <testcase classname="Tests.ProductsAndCartTests" name="testVerifySubscriptionInCartPage" time="5.453"/>
  <testcase classname="Tests.ProductsAndCartTests" name="testAddProductsInCart" time="12.193"/>
  <testcase classname="Tests.ProductsAndCartTests" name="testVerifyProductQuantityInCart" time="29.377"/>
  <testcase classname="Tests.ProductsAndCartTests" name="testRemoveProductsFromCart" time="38.826"/>
  <testcase classname="Tests.ProductsAndCartTests" name="testAddToCartFromRecommendedItems" time="37.768"/>
</testsuite> <!-- Tests.ProductsAndCartTests -->
